#
# There is insufficient memory for the Java Runtime Environment to continue.
# Native memory allocation (malloc) failed to allocate 73040 bytes for Chunk::new
# Possible reasons:
#   The system is out of physical RAM or swap space
#   In 32 bit mode, the process size limit was hit
# Possible solutions:
#   Reduce memory load on the system
#   Increase physical memory or swap space
#   Check if swap backing store is full
#   Use 64 bit Java on a 64 bit OS
#   Decrease Java heap size (-Xmx/-Xms)
#   Decrease number of Java threads
#   Decrease Java thread stack sizes (-Xss)
#   Set larger code cache with -XX:ReservedCodeCacheSize=
# This output file may be truncated or incomplete.
#
#  Out of Memory Error (allocation.cpp:390), pid=1476, tid=3616
#
# JRE version: Java(TM) SE Runtime Environment (8.0_91-b14) (build 1.8.0_91-b14)
# Java VM: Java HotSpot(TM) 64-Bit Server VM (25.91-b14 mixed mode windows-amd64 compressed oops)
# Failed to write core dump. Minidumps are not enabled by default on client versions of Windows
#

---------------  T H R E A D  ---------------

Current thread (0x00000000552b6800):  JavaThread "C2 CompilerThread0" daemon [_thread_in_native, id=3616, stack(0x00000000569d0000,0x0000000056ad0000)]

Stack: [0x00000000569d0000,0x0000000056ad0000]
[error occurred during error reporting (printing stack bounds), id 0xc0000005]

Native frames: (J=compiled Java code, j=interpreted, Vv=VM code, C=native code)


Current CompileTask:
C2:   8380 1390       4       com.android.dx.ssa.back.SsaToRop$1::visitBlock (97 bytes)


---------------  P R O C E S S  ---------------

Java Threads: ( => current thread )
  0x0000000056ee2800 JavaThread "pool-3-thread-1" [_thread_blocked, id=4656, stack(0x0000000056b30000,0x0000000056c30000)]
  0x0000000056ed9000 JavaThread "pool-2-thread-1" [_thread_in_vm, id=4228, stack(0x00000000574f0000,0x00000000575f0000)]
  0x00000000552be000 JavaThread "Service Thread" daemon [_thread_blocked, id=5788, stack(0x00000000571f0000,0x00000000572f0000)]
  0x00000000552bc000 JavaThread "C1 CompilerThread2" daemon [_thread_blocked, id=2688, stack(0x0000000056c90000,0x0000000056d90000)]
  0x00000000552bb000 JavaThread "C2 CompilerThread1" daemon [_thread_in_native, id=5024, stack(0x00000000568b0000,0x00000000569b0000)]
=>0x00000000552b6800 JavaThread "C2 CompilerThread0" daemon [_thread_in_native, id=3616, stack(0x00000000569d0000,0x0000000056ad0000)]
  0x00000000552b2800 JavaThread "Attach Listener" daemon [_thread_blocked, id=5716, stack(0x00000000563b0000,0x00000000564b0000)]
  0x00000000552b1000 JavaThread "Signal Dispatcher" daemon [_thread_blocked, id=5236, stack(0x0000000056780000,0x0000000056880000)]
  0x0000000055293800 JavaThread "Finalizer" daemon [_thread_blocked, id=5984, stack(0x00000000565e0000,0x00000000566e0000)]
  0x0000000055252000 JavaThread "Reference Handler" daemon [_thread_blocked, id=6340, stack(0x00000000564d0000,0x00000000565d0000)]
  0x000000000225e000 JavaThread "main" [_thread_blocked, id=5428, stack(0x00000000025c0000,0x00000000026c0000)]

Other Threads:
  0x000000005524a800 VMThread [stack: 0x0000000056210000,0x0000000056310000] [id=6788]
  0x0000000056e2f000 WatcherThread [stack: 0x0000000057330000,0x0000000057430000] [id=6736]

VM state:not at safepoint (normal execution)

VM Mutex/Monitor currently owned by a thread: None

Heap:
 PSYoungGen      total 37888K, used 9459K [0x00000000eab00000, 0x00000000ed500000, 0x0000000100000000)
  eden space 32768K, 13% used [0x00000000eab00000,0x00000000eaf3edd8,0x00000000ecb00000)
  from space 5120K, 99% used [0x00000000ed000000,0x00000000ed4fe1b0,0x00000000ed500000)
  to   space 5120K, 0% used [0x00000000ecb00000,0x00000000ecb00000,0x00000000ed000000)
 ParOldGen       total 86016K, used 12451K [0x00000000c0000000, 0x00000000c5400000, 0x00000000eab00000)
  object space 86016K, 14% used [0x00000000c0000000,0x00000000c0c28c38,0x00000000c5400000)
 Metaspace       used 5778K, capacity 6896K, committed 7040K, reserved 1056768K
  class space    used 580K, capacity 616K, committed 640K, reserved 1048576K

Card table byte_map: [0x0000000011d50000,0x0000000011f60000] byte_map_base: 0x0000000011750000

Marking Bits: (ParMarkBitMap*) 0x0000000063572f70
 Begin Bits: [0x00000000126c0000, 0x00000000136c0000)
 End Bits:   [0x00000000136c0000, 0x00000000146c0000)

Polling page: 0x0000000000250000

CodeCache: size=245760Kb used=5278Kb max_used=5289Kb free=240481Kb
 bounds [0x0000000002990000, 0x0000000002ed0000, 0x0000000011990000]
 total_blobs=1591 nmethods=1331 adapters=174
 compilation: enabled

Compilation events (10 events):
Event: 8.335 Thread 0x00000000552b6800 nmethod 1386 0x0000000002e62810 code [0x0000000002e62940, 0x0000000002e629d8]
Event: 8.336 Thread 0x00000000552bc000 nmethod 1385 0x0000000002ebcc10 code [0x0000000002ebcfa0, 0x0000000002ebee28]
Event: 8.336 Thread 0x00000000552bb000 1387       4       com.android.dx.rop.cst.CstLiteral32::equals (35 bytes)
Event: 8.338 Thread 0x00000000552bb000 nmethod 1387 0x0000000002e52c50 code [0x0000000002e52da0, 0x0000000002e52e78]
Event: 8.339 Thread 0x00000000552b6800 1388       4       com.android.dx.rop.code.ThrowingInsn::<init> (49 bytes)
Event: 8.339 Thread 0x00000000552bb000 1389       4       com.android.dx.rop.code.PlainInsn::withNewRegisters (18 bytes)
Event: 8.341 Thread 0x00000000552b6800 nmethod 1388 0x0000000002e94dd0 code [0x0000000002e94f20, 0x0000000002e95078]
Event: 8.341 Thread 0x00000000552bb000 nmethod 1389 0x0000000002eb7810 code [0x0000000002eb7960, 0x0000000002eb7b18]
Event: 8.344 Thread 0x00000000552b6800 1390       4       com.android.dx.ssa.back.SsaToRop$1::visitBlock (97 bytes)
Event: 8.347 Thread 0x00000000552bb000 1391       4       com.android.dx.ssa.SsaMethod::computeReachability (131 bytes)

GC Heap History (4 events):
Event: 6.586 GC heap before
{Heap before GC invocations=1 (full 0):
 PSYoungGen      total 37888K, used 32768K [0x00000000eab00000, 0x00000000ed500000, 0x0000000100000000)
  eden space 32768K, 100% used [0x00000000eab00000,0x00000000ecb00000,0x00000000ecb00000)
  from space 5120K, 0% used [0x00000000ed000000,0x00000000ed000000,0x00000000ed500000)
  to   space 5120K, 0% used [0x00000000ecb00000,0x00000000ecb00000,0x00000000ed000000)
 ParOldGen       total 86016K, used 0K [0x00000000c0000000, 0x00000000c5400000, 0x00000000eab00000)
  object space 86016K, 0% used [0x00000000c0000000,0x00000000c0000000,0x00000000c5400000)
 Metaspace       used 5708K, capacity 6832K, committed 7040K, reserved 1056768K
  class space    used 576K, capacity 616K, committed 640K, reserved 1048576K
Event: 6.760 GC heap after
Heap after GC invocations=1 (full 0):
 PSYoungGen      total 37888K, used 5102K [0x00000000eab00000, 0x00000000ed500000, 0x0000000100000000)
  eden space 32768K, 0% used [0x00000000eab00000,0x00000000eab00000,0x00000000ecb00000)
  from space 5120K, 99% used [0x00000000ecb00000,0x00000000ecffb8a0,0x00000000ed000000)
  to   space 5120K, 0% used [0x00000000ed000000,0x00000000ed000000,0x00000000ed500000)
 ParOldGen       total 86016K, used 2795K [0x00000000c0000000, 0x00000000c5400000, 0x00000000eab00000)
  object space 86016K, 3% used [0x00000000c0000000,0x00000000c02bac48,0x00000000c5400000)
 Metaspace       used 5708K, capacity 6832K, committed 7040K, reserved 1056768K
  class space    used 576K, capacity 616K, committed 640K, reserved 1048576K
}
Event: 7.761 GC heap before
{Heap before GC invocations=2 (full 0):
 PSYoungGen      total 37888K, used 37870K [0x00000000eab00000, 0x00000000ed500000, 0x0000000100000000)
  eden space 32768K, 100% used [0x00000000eab00000,0x00000000ecb00000,0x00000000ecb00000)
  from space 5120K, 99% used [0x00000000ecb00000,0x00000000ecffb8a0,0x00000000ed000000)
  to   space 5120K, 0% used [0x00000000ed000000,0x00000000ed000000,0x00000000ed500000)
 ParOldGen       total 86016K, used 2795K [0x00000000c0000000, 0x00000000c5400000, 0x00000000eab00000)
  object space 86016K, 3% used [0x00000000c0000000,0x00000000c02bac48,0x00000000c5400000)
 Metaspace       used 5758K, capacity 6896K, committed 7040K, reserved 1056768K
  class space    used 579K, capacity 616K, committed 640K, reserved 1048576K
Event: 7.865 GC heap after
Heap after GC invocations=2 (full 0):
 PSYoungGen      total 37888K, used 5112K [0x00000000eab00000, 0x00000000ed500000, 0x0000000100000000)
  eden space 32768K, 0% used [0x00000000eab00000,0x00000000eab00000,0x00000000ecb00000)
  from space 5120K, 99% used [0x00000000ed000000,0x00000000ed4fe1b0,0x00000000ed500000)
  to   space 5120K, 0% used [0x00000000ecb00000,0x00000000ecb00000,0x00000000ed000000)
 ParOldGen       total 86016K, used 12451K [0x00000000c0000000, 0x00000000c5400000, 0x00000000eab00000)
  object space 86016K, 14% used [0x00000000c0000000,0x00000000c0c28c38,0x00000000c5400000)
 Metaspace       used 5758K, capacity 6896K, committed 7040K, reserved 1056768K
  class space    used 579K, capacity 616K, committed 640K, reserved 1048576K
}

Deoptimization events (10 events):
Event: 5.860 Thread 0x0000000057017000 Uncommon trap: reason=unstable_if action=reinterpret pc=0x0000000002ca7e60 method=com.android.dx.ssa.NormalSsaInsn.getLocalAssignment()Lcom/android/dx/rop/code/RegisterSpec; @ 12
Event: 5.862 Thread 0x0000000057017000 Uncommon trap: reason=unstable_if action=reinterpret pc=0x0000000002c3f778 method=com.android.dx.rop.code.RegisterSpec.equals(ILcom/android/dx/rop/type/TypeBearer;Lcom/android/dx/rop/code/LocalItem;)Z @ 24
Event: 5.864 Thread 0x0000000057017000 Uncommon trap: reason=unstable_if action=reinterpret pc=0x0000000002beacd8 method=java.util.HashMap.getNode(ILjava/lang/Object;)Ljava/util/HashMap$Node; @ 62
Event: 5.866 Thread 0x0000000057017000 Uncommon trap: reason=unstable_if action=reinterpret pc=0x0000000002c6ccbc method=com.android.dx.rop.code.RegisterSpec.equals(ILcom/android/dx/rop/type/TypeBearer;Lcom/android/dx/rop/code/LocalItem;)Z @ 24
Event: 6.035 Thread 0x0000000057017000 Uncommon trap: reason=unstable_if action=reinterpret pc=0x0000000002bf0054 method=java.util.HashMap.getNode(ILjava/lang/Object;)Ljava/util/HashMap$Node; @ 129
Event: 6.035 Thread 0x0000000057017000 Uncommon trap: reason=unstable_if action=reinterpret pc=0x0000000002cac4cc method=java.util.HashMap.putVal(ILjava/lang/Object;Ljava/lang/Object;ZZ)Ljava/lang/Object; @ 193
Event: 8.143 Thread 0x0000000056ed9000 Uncommon trap: reason=class_check action=maybe_recompile pc=0x0000000002df8410 method=com.android.dx.ssa.NormalSsaInsn.accept(Lcom/android/dx/ssa/SsaInsn$Visitor;)V @ 9
Event: 8.143 Thread 0x0000000056ed9000 Uncommon trap: reason=class_check action=maybe_recompile pc=0x0000000002df8410 method=com.android.dx.ssa.NormalSsaInsn.accept(Lcom/android/dx/ssa/SsaInsn$Visitor;)V @ 9
Event: 8.145 Thread 0x0000000056ed9000 Uncommon trap: reason=class_check action=maybe_recompile pc=0x0000000002df8410 method=com.android.dx.ssa.NormalSsaInsn.accept(Lcom/android/dx/ssa/SsaInsn$Visitor;)V @ 9
Event: 8.145 Thread 0x0000000056ed9000 Uncommon trap: reason=class_check action=maybe_recompile pc=0x0000000002df8410 method=com.android.dx.ssa.NormalSsaInsn.accept(Lcom/android/dx/ssa/SsaInsn$Visitor;)V @ 9

Internal exceptions (2 events):
Event: 0.587 Thread 0x000000000225e000 Exception <a 'java/lang/NoSuchMethodError': Method sun.misc.Unsafe.defineClass(Ljava/lang/String;[BII)Ljava/lang/Class; name or signature does not match> (0x00000000eab07cc0) thrown at [C:\re\workspace\8-2-build-windows-amd64-cygwin\jdk8u91\6644\hotspot\srÂºÜvÆâ?
Event: 0.587 Thread 0x000000000225e000 Exception <a 'java/lang/NoSuchMethodError': Method sun.misc.Unsafe.prefetchRead(Ljava/lang/Object;J)V name or signature does not match> (0x00000000eab07fa8) thrown at [C:\re\workspace\8-2-build-windows-amd64-cygwin\jdk8u91\6644\hotspot\src\share\vm\prims\j

Events (10 events):
Event: 8.143 Thread 0x0000000056ed9000 DEOPT UNPACKING pc=0x00000000029d582a sp=0x00000000575ee3d0 mode 2
Event: 8.143 Thread 0x0000000056ed9000 Uncommon trap: trap_request=0xffffffde fr.pc=0x0000000002df8410
Event: 8.143 Thread 0x0000000056ed9000 DEOPT PACKING pc=0x0000000002df8410 sp=0x00000000575ee390
Event: 8.143 Thread 0x0000000056ed9000 DEOPT UNPACKING pc=0x00000000029d582a sp=0x00000000575ee3d0 mode 2
Event: 8.145 Thread 0x0000000056ed9000 Uncommon trap: trap_request=0xffffffde fr.pc=0x0000000002df8410
Event: 8.145 Thread 0x0000000056ed9000 DEOPT PACKING pc=0x0000000002df8410 sp=0x00000000575ee390
Event: 8.145 Thread 0x0000000056ed9000 DEOPT UNPACKING pc=0x00000000029d582a sp=0x00000000575ee3d0 mode 2
Event: 8.145 Thread 0x0000000056ed9000 Uncommon trap: trap_request=0xffffffde fr.pc=0x0000000002df8410
Event: 8.145 Thread 0x0000000056ed9000 DEOPT PACKING pc=0x0000000002df8410 sp=0x00000000575ee390
Event: 8.145 Thread 0x0000000056ed9000 DEOPT UNPACKING pc=0x00000000029d582a sp=0x00000000575ee3d0 mode 2


Dynamic libraries:
0x000000013f480000 - 0x000000013f4b7000 	C:\Program Files\Java\jdk1.8.0_91\bin\java.exe
0x0000000076ee0000 - 0x000000007708b000 	C:\Windows\SYSTEM32\ntdll.dll
0x0000000076dc0000 - 0x0000000076edf000 	C:\Windows\system32\kernel32.dll
0x000007fefcee0000 - 0x000007fefcf4a000 	C:\Windows\system32\KERNELBASE.dll
0x000007fefd080000 - 0x000007fefd15b000 	C:\Windows\system32\ADVAPI32.dll
0x000007fefcfe0000 - 0x000007fefd07f000 	C:\Windows\system32\msvcrt.dll
0x000007fefda50000 - 0x000007fefda6f000 	C:\Windows\SYSTEM32\sechost.dll
0x000007fefd320000 - 0x000007fefd44d000 	C:\Windows\system32\RPCRT4.dll
0x0000000076cc0000 - 0x0000000076dba000 	C:\Windows\system32\USER32.dll
0x000007fefd580000 - 0x000007fefd5e7000 	C:\Windows\system32\GDI32.dll
0x000007fefda40000 - 0x000007fefda4e000 	C:\Windows\system32\LPK.dll
0x000007fefd250000 - 0x000007fefd31a000 	C:\Windows\system32\USP10.dll
0x000007fefb680000 - 0x000007fefb874000 	C:\Windows\WinSxS\amd64_microsoft.windows.common-controls_6595b64144ccf1df_6.0.7601.18837_none_fa3b1e3d17594757\COMCTL32.dll
0x000007fefd8e0000 - 0x000007fefd951000 	C:\Windows\system32\SHLWAPI.dll
0x000007fefdd40000 - 0x000007fefdd6e000 	C:\Windows\system32\IMM32.DLL
0x000007fefd5f0000 - 0x000007fefd6f9000 	C:\Windows\system32\MSCTF.dll
0x000007fefcf80000 - 0x000007fefcf85000 	C:\Windows\system32\api-ms-win-downlevel-advapi32-l1-1-0.dll
0x000007fefca30000 - 0x000007fefca55000 	C:\Windows\system32\SspiCli.dll
0x0000000073fd0000 - 0x00000000740a2000 	C:\Program Files\Java\jdk1.8.0_91\jre\bin\msvcr100.dll
0x0000000062d60000 - 0x00000000635f3000 	C:\Program Files\Java\jdk1.8.0_91\jre\bin\server\jvm.dll
0x000007fef6850000 - 0x000007fef6859000 	C:\Windows\system32\WSOCK32.dll
0x000007fefd160000 - 0x000007fefd1ad000 	C:\Windows\system32\WS2_32.dll
0x000007fefd570000 - 0x000007fefd578000 	C:\Windows\system32\NSI.dll
0x000007fefac00000 - 0x000007fefac3b000 	C:\Windows\system32\WINMM.dll
0x000007fefbd10000 - 0x000007fefbd1c000 	C:\Windows\system32\VERSION.dll
0x00000000770b0000 - 0x00000000770b7000 	C:\Windows\system32\PSAPI.DLL
0x00000000748b0000 - 0x00000000748bf000 	C:\Program Files\Java\jdk1.8.0_91\jre\bin\verify.dll
0x0000000074880000 - 0x00000000748a9000 	C:\Program Files\Java\jdk1.8.0_91\jre\bin\java.dll
0x0000000074860000 - 0x0000000074876000 	C:\Program Files\Java\jdk1.8.0_91\jre\bin\zip.dll
0x000007fefe110000 - 0x000007fefee9c000 	C:\Windows\system32\SHELL32.dll
0x000007fefdf00000 - 0x000007fefe103000 	C:\Windows\system32\ole32.dll
0x000007fefcc20000 - 0x000007fefcc2f000 	C:\Windows\system32\profapi.dll

VM Arguments:
jvm_args: -Djava.awt.headless=true -Xmx1024M -Dfile.encoding=windows-1252 -Duser.country=US -Duser.language=en -Duser.variant 
java_command: com.android.dx.command.Main --dex --force-jumbo --num-threads=4 --multi-dex --output C:\Users\Paul\AndroidStudioProjects\CustomGradle\CustomGradle\app\build\intermediates\transforms\dex\free\debug\folders\1000\5\slice_2 C:\Users\Paul\AndroidStudioProjects\CustomGradle\CustomGradle\app\build\intermediates\transforms\instantRunSlicer\free\debug\folders\1\5\slice_2
java_class_path (initial): C:\Users\Paul\AppData\Local\Android\sdk\build-tools\23.0.3\lib\dx.jar
Launcher Type: SUN_STANDARD

Environment Variables:
CLASSPATH=%CLASSPATH%;JUnit\junit4.12.jar;JUnit\junit4.12.jar;JUnit\junit4.12.jar
PATH=C:\ProgramData\Oracle\Java\javapath;C:\Python27\;C:\Python27\Scripts;C:\Python34\;C:\Python34\Scripts;C:\Windows\system32;C:\Windows;C:\Windows\System32\Wbem;C:\Windows\System32\WindowsPowerShell\v1.0\;C:\Program Files\Intel\WiFi\bin\;C:\Program Files\Common Files\Intel\WirelessCommon\;C:\Program Files\Crucial\Crucial Storage Executive\;C:\Python30\;C:\Program Files\Git\cmd\;C:\Program Files\Crucial\Crucial Storage Executive;C:\Users\Paul\AppData\Local\Android\sdk\platform-tools\;C:\Users\Paul\gradle;C:\Program Files (x86)\Lenovo\Access Connections\;C:\sqlite\;C:\JUnit;C:\Program Files (x86)\Skype\Phone\;C:\Program Files\Intel\WiFi\bin\;C:\Program Files\Common Files\Intel\WirelessCommon\
USERNAME=Paul
OS=Windows_NT
PROCESSOR_IDENTIFIER=Intel64 Family 6 Model 37 Stepping 5, GenuineIntel



---------------  S Y S T E M  ---------------

OS: Windows 7 , 64 bit Build 7601 (6.1.7601.23455)

CPU:total 4 (2 cores per cpu, 2 threads per core) family 6 model 37 stepping 5, cmov, cx8, fxsr, mmx, sse, sse2, sse3, ssse3, sse4.1, sse4.2, popcnt, aes, clmul, ht, tsc, tscinvbit

Memory: 4k page, physical 8179368k(1248684k free), swap 8177508k(5172k free)

vm_info: Java HotSpot(TM) 64-Bit Server VM (25.91-b14) for windows-amd64 JRE (1.8.0_91-b14), built on Apr  1 2016 00:58:32 by "java_re" with MS VC++ 10.0 (VS2010)

time: Sat Jul 16 16:46:04 2016
elapsed time: 8 seconds (0d 0h 0m 8s)

