#
# There is insufficient memory for the Java Runtime Environment to continue.
# Native memory allocation (malloc) failed to allocate 926656 bytes for Chunk::new
# Possible reasons:
#   The system is out of physical RAM or swap space
#   In 32 bit mode, the process size limit was hit
# Possible solutions:
#   Reduce memory load on the system
#   Increase physical memory or swap space
#   Check if swap backing store is full
#   Use 64 bit Java on a 64 bit OS
#   Decrease Java heap size (-Xmx/-Xms)
#   Decrease number of Java threads
#   Decrease Java thread stack sizes (-Xss)
#   Set larger code cache with -XX:ReservedCodeCacheSize=
# This output file may be truncated or incomplete.
#
#  Out of Memory Error (allocation.cpp:390), pid=6416, tid=5928
#
# JRE version: Java(TM) SE Runtime Environment (8.0_91-b14) (build 1.8.0_91-b14)
# Java VM: Java HotSpot(TM) 64-Bit Server VM (25.91-b14 mixed mode windows-amd64 compressed oops)
# Failed to write core dump. Minidumps are not enabled by default on client versions of Windows
#

---------------  T H R E A D  ---------------

Current thread (0x0000000056514800):  JavaThread "C2 CompilerThread0" daemon [_thread_in_native, id=5928, stack(0x0000000056ac0000,0x0000000056bc0000)]

Stack: [0x0000000056ac0000,0x0000000056bc0000]
[error occurred during error reporting (printing stack bounds), id 0xc0000005]

Native frames: (J=compiled Java code, j=interpreted, Vv=VM code, C=native code)


Current CompileTask:
C2:  17234 2218   !   4       com.android.dx.cf.code.RopperMachine::run (1550 bytes)


---------------  P R O C E S S  ---------------

Java Threads: ( => current thread )
  0x0000000056767800 JavaThread "pool-2-thread-4" [_thread_blocked, id=7024, stack(0x0000000057900000,0x0000000057a00000)]
  0x0000000056808800 JavaThread "pool-2-thread-3" [_thread_blocked, id=6580, stack(0x0000000057670000,0x0000000057770000)]
  0x0000000056808000 JavaThread "pool-2-thread-2" [_thread_blocked, id=4192, stack(0x0000000056ef0000,0x0000000056ff0000)]
  0x0000000056807000 JavaThread "pool-3-thread-1" [_thread_blocked, id=5624, stack(0x0000000057450000,0x0000000057550000)]
  0x0000000056806800 JavaThread "pool-2-thread-1" [_thread_in_vm, id=5664, stack(0x0000000057190000,0x0000000057290000)]
  0x000000005656b000 JavaThread "Service Thread" daemon [_thread_blocked, id=6832, stack(0x0000000057020000,0x0000000057120000)]
  0x0000000056560800 JavaThread "C1 CompilerThread2" daemon [_thread_blocked, id=6760, stack(0x0000000056dc0000,0x0000000056ec0000)]
  0x0000000056518800 JavaThread "C2 CompilerThread1" daemon [_thread_in_native, id=6800, stack(0x0000000056bc0000,0x0000000056cc0000)]
=>0x0000000056514800 JavaThread "C2 CompilerThread0" daemon [_thread_in_native, id=5928, stack(0x0000000056ac0000,0x0000000056bc0000)]
  0x0000000056510800 JavaThread "Attach Listener" daemon [_thread_blocked, id=5984, stack(0x0000000056270000,0x0000000056370000)]
  0x0000000055134000 JavaThread "Signal Dispatcher" daemon [_thread_blocked, id=3800, stack(0x0000000056970000,0x0000000056a70000)]
  0x000000005511c800 JavaThread "Finalizer" daemon [_thread_blocked, id=2480, stack(0x0000000056410000,0x0000000056510000)]
  0x00000000550d5800 JavaThread "Reference Handler" daemon [_thread_blocked, id=5964, stack(0x0000000056170000,0x0000000056270000)]
  0x000000000224e000 JavaThread "main" [_thread_blocked, id=5888, stack(0x0000000002270000,0x0000000002370000)]

Other Threads:
  0x00000000550ce800 VMThread [stack: 0x0000000055f80000,0x0000000056080000] [id=5352]
  0x000000005657c800 WatcherThread [stack: 0x0000000057290000,0x0000000057390000] [id=608]

VM state:not at safepoint (normal execution)

VM Mutex/Monitor currently owned by a thread: None

Heap:
 PSYoungGen      total 136192K, used 65287K [0x00000000eab00000, 0x00000000f3500000, 0x0000000100000000)
  eden space 131072K, 45% used [0x00000000eab00000,0x00000000ee5c9c78,0x00000000f2b00000)
  from space 5120K, 99% used [0x00000000f3000000,0x00000000f34f8380,0x00000000f3500000)
  to   space 5120K, 0% used [0x00000000f2b00000,0x00000000f2b00000,0x00000000f3000000)
 ParOldGen       total 86016K, used 23668K [0x00000000c0000000, 0x00000000c5400000, 0x00000000eab00000)
  object space 86016K, 27% used [0x00000000c0000000,0x00000000c171d290,0x00000000c5400000)
 Metaspace       used 6453K, capacity 7192K, committed 7424K, reserved 1056768K
  class space    used 626K, capacity 656K, committed 768K, reserved 1048576K

Card table byte_map: [0x0000000011a80000,0x0000000011c90000] byte_map_base: 0x0000000011480000

Marking Bits: (ParMarkBitMap*) 0x0000000063572f70
 Begin Bits: [0x0000000012540000, 0x0000000013540000)
 End Bits:   [0x0000000013540000, 0x0000000014540000)

Polling page: 0x0000000000470000

CodeCache: size=245760Kb used=9904Kb max_used=9904Kb free=235856Kb
 bounds [0x00000000026c0000, 0x0000000003080000, 0x00000000116c0000]
 total_blobs=2368 nmethods=2099 adapters=182
 compilation: enabled

Compilation events (10 events):
Event: 17.218 Thread 0x0000000056560800 2230       3       com.android.dx.cf.code.RopperMachine::updateReturnOp (115 bytes)
Event: 17.219 Thread 0x0000000056560800 nmethod 2230 0x000000000306e1d0 code [0x000000000306e460, 0x000000000306f678]
Event: 17.219 Thread 0x0000000056560800 2228       3       com.android.dx.cf.direct.DirectClassFile::getMinorVersion0 (9 bytes)
Event: 17.220 Thread 0x0000000056560800 nmethod 2228 0x000000000306fe90 code [0x0000000003070020, 0x00000000030703c8]
Event: 17.220 Thread 0x0000000056560800 2232       3       com.android.dx.command.dexer.Main$ClassDefItemConsumer::call (5 bytes)
Event: 17.220 Thread 0x0000000056560800 nmethod 2232 0x0000000003070610 code [0x0000000003070780, 0x0000000003070928]
Event: 17.220 Thread 0x0000000056560800 2233       3       java.util.concurrent.FutureTask::get (23 bytes)
Event: 17.220 Thread 0x0000000056560800 nmethod 2233 0x00000000030709d0 code [0x0000000003070b40, 0x0000000003070d58]
Event: 17.221 Thread 0x0000000056560800 2234   !   3       java.util.concurrent.LinkedBlockingQueue::offer (130 bytes)
Event: 17.222 Thread 0x0000000056560800 nmethod 2234 0x0000000003070e10 code [0x00000000030710c0, 0x0000000003072648]

GC Heap History (8 events):
Event: 2.158 GC heap before
{Heap before GC invocations=1 (full 0):
 PSYoungGen      total 37888K, used 32768K [0x00000000eab00000, 0x00000000ed500000, 0x0000000100000000)
  eden space 32768K, 100% used [0x00000000eab00000,0x00000000ecb00000,0x00000000ecb00000)
  from space 5120K, 0% used [0x00000000ed000000,0x00000000ed000000,0x00000000ed500000)
  to   space 5120K, 0% used [0x00000000ecb00000,0x00000000ecb00000,0x00000000ed000000)
 ParOldGen       total 86016K, used 0K [0x00000000c0000000, 0x00000000c5400000, 0x00000000eab00000)
  object space 86016K, 0% used [0x00000000c0000000,0x00000000c0000000,0x00000000c5400000)
 Metaspace       used 5893K, capacity 6834K, committed 7040K, reserved 1056768K
  class space    used 604K, capacity 618K, committed 640K, reserved 1048576K
Event: 2.287 GC heap after
Heap after GC invocations=1 (full 0):
 PSYoungGen      total 37888K, used 5106K [0x00000000eab00000, 0x00000000ef500000, 0x0000000100000000)
  eden space 32768K, 0% used [0x00000000eab00000,0x00000000eab00000,0x00000000ecb00000)
  from space 5120K, 99% used [0x00000000ecb00000,0x00000000ecffc9c8,0x00000000ed000000)
  to   space 5120K, 0% used [0x00000000ef000000,0x00000000ef000000,0x00000000ef500000)
 ParOldGen       total 86016K, used 952K [0x00000000c0000000, 0x00000000c5400000, 0x00000000eab00000)
  object space 86016K, 1% used [0x00000000c0000000,0x00000000c00ee018,0x00000000c5400000)
 Metaspace       used 5893K, capacity 6834K, committed 7040K, reserved 1056768K
  class space    used 604K, capacity 618K, committed 640K, reserved 1048576K
}
Event: 3.184 GC heap before
{Heap before GC invocations=2 (full 0):
 PSYoungGen      total 37888K, used 37874K [0x00000000eab00000, 0x00000000ef500000, 0x0000000100000000)
  eden space 32768K, 100% used [0x00000000eab00000,0x00000000ecb00000,0x00000000ecb00000)
  from space 5120K, 99% used [0x00000000ecb00000,0x00000000ecffc9c8,0x00000000ed000000)
  to   space 5120K, 0% used [0x00000000ef000000,0x00000000ef000000,0x00000000ef500000)
 ParOldGen       total 86016K, used 952K [0x00000000c0000000, 0x00000000c5400000, 0x00000000eab00000)
  object space 86016K, 1% used [0x00000000c0000000,0x00000000c00ee018,0x00000000c5400000)
 Metaspace       used 6173K, capacity 7090K, committed 7296K, reserved 1056768K
  class space    used 604K, capacity 618K, committed 640K, reserved 1048576K
Event: 3.329 GC heap after
Heap after GC invocations=2 (full 0):
 PSYoungGen      total 70656K, used 5098K [0x00000000eab00000, 0x00000000ef500000, 0x0000000100000000)
  eden space 65536K, 0% used [0x00000000eab00000,0x00000000eab00000,0x00000000eeb00000)
  from space 5120K, 99% used [0x00000000ef000000,0x00000000ef4fab00,0x00000000ef500000)
  to   space 5120K, 0% used [0x00000000eeb00000,0x00000000eeb00000,0x00000000ef000000)
 ParOldGen       total 86016K, used 4972K [0x00000000c0000000, 0x00000000c5400000, 0x00000000eab00000)
  object space 86016K, 5% used [0x00000000c0000000,0x00000000c04db3c8,0x00000000c5400000)
 Metaspace       used 6173K, capacity 7090K, committed 7296K, reserved 1056768K
  class space    used 604K, capacity 618K, committed 640K, reserved 1048576K
}
Event: 3.999 GC heap before
{Heap before GC invocations=3 (full 0):
 PSYoungGen      total 70656K, used 70634K [0x00000000eab00000, 0x00000000ef500000, 0x0000000100000000)
  eden space 65536K, 100% used [0x00000000eab00000,0x00000000eeb00000,0x00000000eeb00000)
  from space 5120K, 99% used [0x00000000ef000000,0x00000000ef4fab00,0x00000000ef500000)
  to   space 5120K, 0% used [0x00000000eeb00000,0x00000000eeb00000,0x00000000ef000000)
 ParOldGen       total 86016K, used 4972K [0x00000000c0000000, 0x00000000c5400000, 0x00000000eab00000)
  object space 86016K, 5% used [0x00000000c0000000,0x00000000c04db3c8,0x00000000c5400000)
 Metaspace       used 6276K, capacity 7154K, committed 7296K, reserved 1056768K
  class space    used 605K, capacity 618K, committed 640K, reserved 1048576K
Event: 4.121 GC heap after
Heap after GC invocations=3 (full 0):
 PSYoungGen      total 70656K, used 5108K [0x00000000eab00000, 0x00000000f3500000, 0x0000000100000000)
  eden space 65536K, 0% used [0x00000000eab00000,0x00000000eab00000,0x00000000eeb00000)
  from space 5120K, 99% used [0x00000000eeb00000,0x00000000eeffd290,0x00000000ef000000)
  to   space 5120K, 0% used [0x00000000f3000000,0x00000000f3000000,0x00000000f3500000)
 ParOldGen       total 86016K, used 15205K [0x00000000c0000000, 0x00000000c5400000, 0x00000000eab00000)
  object space 86016K, 17% used [0x00000000c0000000,0x00000000c0ed96f0,0x00000000c5400000)
 Metaspace       used 6276K, capacity 7154K, committed 7296K, reserved 1056768K
  class space    used 605K, capacity 618K, committed 640K, reserved 1048576K
}
Event: 9.667 GC heap before
{Heap before GC invocations=4 (full 0):
 PSYoungGen      total 70656K, used 70644K [0x00000000eab00000, 0x00000000f3500000, 0x0000000100000000)
  eden space 65536K, 100% used [0x00000000eab00000,0x00000000eeb00000,0x00000000eeb00000)
  from space 5120K, 99% used [0x00000000eeb00000,0x00000000eeffd290,0x00000000ef000000)
  to   space 5120K, 0% used [0x00000000f3000000,0x00000000f3000000,0x00000000f3500000)
 ParOldGen       total 86016K, used 15205K [0x00000000c0000000, 0x00000000c5400000, 0x00000000eab00000)
  object space 86016K, 17% used [0x00000000c0000000,0x00000000c0ed96f0,0x00000000c5400000)
 Metaspace       used 6389K, capacity 7192K, committed 7424K, reserved 1056768K
  class space    used 626K, capacity 656K, committed 768K, reserved 1048576K
Event: 9.748 GC heap after
Heap after GC invocations=4 (full 0):
 PSYoungGen      total 136192K, used 5088K [0x00000000eab00000, 0x00000000f3500000, 0x0000000100000000)
  eden space 131072K, 0% used [0x00000000eab00000,0x00000000eab00000,0x00000000f2b00000)
  from space 5120K, 99% used [0x00000000f3000000,0x00000000f34f8380,0x00000000f3500000)
  to   space 5120K, 0% used [0x00000000f2b00000,0x00000000f2b00000,0x00000000f3000000)
 ParOldGen       total 86016K, used 23668K [0x00000000c0000000, 0x00000000c5400000, 0x00000000eab00000)
  object space 86016K, 27% used [0x00000000c0000000,0x00000000c171d290,0x00000000c5400000)
 Metaspace       used 6389K, capacity 7192K, committed 7424K, reserved 1056768K
  class space    used 626K, capacity 656K, committed 768K, reserved 1048576K
}

Deoptimization events (10 events):
Event: 11.367 Thread 0x0000000056808000 Uncommon trap: reason=bimorphic action=maybe_recompile pc=0x0000000002dc4238 method=com.android.dx.ssa.LiteralOpUpgrader.tryReplacingWithConstant(Lcom/android/dx/ssa/NormalSsaInsn;)Z @ 62
Event: 12.645 Thread 0x0000000056808000 Uncommon trap: reason=unstable_if action=reinterpret pc=0x0000000002e895c4 method=com.android.dx.cf.code.Ropper.isSynchronized()Z @ 12
Event: 12.645 Thread 0x0000000056808000 Uncommon trap: reason=unstable_if action=reinterpret pc=0x0000000002e24904 method=com.android.dx.ssa.MoveParamCombiner$1.visitNonMoveInsn(Lcom/android/dx/ssa/NormalSsaInsn;)V @ 27
Event: 12.774 Thread 0x0000000056808000 Uncommon trap: reason=unstable_if action=reinterpret pc=0x0000000002eb26ac method=com.android.dx.rop.code.DexTranslationAdvice.hasConstantOperation(Lcom/android/dx/rop/code/Rop;Lcom/android/dx/rop/code/RegisterSpec;Lcom/android/dx/rop/code/RegisterSpec;)Z Êàç/*@
Event: 13.093 Thread 0x000000000224e000 Uncommon trap: reason=unloaded action=reinterpret pc=0x0000000002d517c4 method=com.android.dx.cf.cst.ConstantPoolParser.parse0(ILjava/util/BitSet;)Lcom/android/dx/rop/cst/Constant; @ 198
Event: 16.496 Thread 0x0000000056767800 Uncommon trap: reason=bimorphic action=maybe_recompile pc=0x0000000002d2cf54 method=com.android.dx.rop.code.RegisterSpec.withSimpleType()Lcom/android/dx/rop/code/RegisterSpec; @ 21
Event: 16.500 Thread 0x0000000056767800 Uncommon trap: reason=unstable_if action=reinterpret pc=0x0000000002ee3428 method=java.util.HashMap.putVal(ILjava/lang/Object;Ljava/lang/Object;ZZ)Ljava/lang/Object; @ 206
Event: 16.501 Thread 0x0000000056767800 Uncommon trap: reason=unstable_if action=reinterpret pc=0x0000000002f668c8 method=java.util.HashMap.putVal(ILjava/lang/Object;Ljava/lang/Object;ZZ)Ljava/lang/Object; @ 206
Event: 16.506 Thread 0x0000000056767800 Uncommon trap: reason=bimorphic action=maybe_recompile pc=0x0000000002d2cf54 method=com.android.dx.rop.code.RegisterSpec.withSimpleType()Lcom/android/dx/rop/code/RegisterSpec; @ 21
Event: 16.705 Thread 0x0000000056767800 Uncommon trap: reason=unstable_if action=reinterpret pc=0x0000000002e3fbe8 method=java.util.HashMap.resize()[Ljava/util/HashMap$Node; @ 206

Internal exceptions (5 events):
Event: 0.083 Thread 0x000000000224e000 Exception <a 'java/lang/NoSuchMethodError': Method sun.misc.Unsafe.defineClass(Ljava/lang/String;[BII)Ljava/lang/Class; name or signature does not match> (0x00000000eab07cc0) thrown at [C:\re\workspace\8-2-build-windows-amd64-cygwin\jdk8u91\6644\hotspot\sr‚<6è©*µ?
Event: 0.083 Thread 0x000000000224e000 Exception <a 'java/lang/NoSuchMethodError': Method sun.misc.Unsafe.prefetchRead(Ljava/lang/Object;J)V name or signature does not match> (0x00000000eab07fa8) thrown at [C:\re\workspace\8-2-build-windows-amd64-cygwin\jdk8u91\6644\hotspot\src\share\vm\prims\jÅÌ·iÆ@
Event: 6.670 Thread 0x0000000056808800 Exception <a 'java/lang/ArrayIndexOutOfBoundsException': 18> (0x00000000ed3e2c90) thrown at [C:\re\workspace\8-2-build-windows-amd64-cygwin\jdk8u91\6644\hotspot\src\share\vm\interpreter\interpreterRuntime.cpp, line 366]
Event: 6.673 Thread 0x0000000056808800 Exception <a 'java/lang/ArrayIndexOutOfBoundsException': 145> (0x00000000ed3e4810) thrown at [C:\re\workspace\8-2-build-windows-amd64-cygwin\jdk8u91\6644\hotspot\src\share\vm\interpreter\interpreterRuntime.cpp, line 366]
Event: 6.674 Thread 0x0000000056808800 Exception <a 'java/lang/ArrayIndexOutOfBoundsException'> (0x00000000ed3e5af8) thrown at [C:\re\workspace\8-2-build-windows-amd64-cygwin\jdk8u91\6644\hotspot\src\share\vm\runtime\sharedRuntime.cpp, line 605]

Events (10 events):
Event: 16.501 Thread 0x0000000056767800 DEOPT PACKING pc=0x0000000002f668c8 sp=0x00000000579fe9d0
Event: 16.501 Thread 0x0000000056767800 DEOPT UNPACKING pc=0x000000000270582a sp=0x00000000579fe990 mode 2
Event: 16.506 Thread 0x0000000056767800 Uncommon trap: trap_request=0xffffffc6 fr.pc=0x0000000002d2cf54
Event: 16.506 Thread 0x0000000056767800 DEOPT PACKING pc=0x0000000002d2cf54 sp=0x00000000579fec40
Event: 16.506 Thread 0x0000000056767800 DEOPT UNPACKING pc=0x000000000270582a sp=0x00000000579feba8 mode 2
Event: 16.705 Thread 0x0000000056767800 Uncommon trap: trap_request=0xffffff65 fr.pc=0x0000000002e3fbe8
Event: 16.705 Thread 0x0000000056767800 DEOPT PACKING pc=0x0000000002e3fbe8 sp=0x00000000579fea50
Event: 16.705 Thread 0x0000000056767800 DEOPT UNPACKING pc=0x000000000270582a sp=0x00000000579fe9b8 mode 2
Event: 16.815 Thread 0x0000000056767800 DEOPT PACKING pc=0x0000000002aa8d2d sp=0x00000000579fec60
Event: 16.815 Thread 0x0000000056767800 DEOPT UNPACKING pc=0x000000000270747f sp=0x00000000579fe9a8 mode 0


Dynamic libraries:
0x000000013f480000 - 0x000000013f4b7000 	C:\Program Files\Java\jdk1.8.0_91\bin\java.exe
0x0000000076ee0000 - 0x000000007708b000 	C:\Windows\SYSTEM32\ntdll.dll
0x0000000076dc0000 - 0x0000000076edf000 	C:\Windows\system32\kernel32.dll
0x000007fefcee0000 - 0x000007fefcf4a000 	C:\Windows\system32\KERNELBASE.dll
0x000007fefd080000 - 0x000007fefd15b000 	C:\Windows\system32\ADVAPI32.dll
0x000007fefcfe0000 - 0x000007fefd07f000 	C:\Windows\system32\msvcrt.dll
0x000007fefda50000 - 0x000007fefda6f000 	C:\Windows\SYSTEM32\sechost.dll
0x000007fefd320000 - 0x000007fefd44d000 	C:\Windows\system32\RPCRT4.dll
0x0000000076cc0000 - 0x0000000076dba000 	C:\Windows\system32\USER32.dll
0x000007fefd580000 - 0x000007fefd5e7000 	C:\Windows\system32\GDI32.dll
0x000007fefda40000 - 0x000007fefda4e000 	C:\Windows\system32\LPK.dll
0x000007fefd250000 - 0x000007fefd31a000 	C:\Windows\system32\USP10.dll
0x000007fefb680000 - 0x000007fefb874000 	C:\Windows\WinSxS\amd64_microsoft.windows.common-controls_6595b64144ccf1df_6.0.7601.18837_none_fa3b1e3d17594757\COMCTL32.dll
0x000007fefd8e0000 - 0x000007fefd951000 	C:\Windows\system32\SHLWAPI.dll
0x000007fefdd40000 - 0x000007fefdd6e000 	C:\Windows\system32\IMM32.DLL
0x000007fefd5f0000 - 0x000007fefd6f9000 	C:\Windows\system32\MSCTF.dll
0x000007fefcf80000 - 0x000007fefcf85000 	C:\Windows\system32\api-ms-win-downlevel-advapi32-l1-1-0.dll
0x000007fefca30000 - 0x000007fefca55000 	C:\Windows\system32\SspiCli.dll
0x0000000073fd0000 - 0x00000000740a2000 	C:\Program Files\Java\jdk1.8.0_91\jre\bin\msvcr100.dll
0x0000000062d60000 - 0x00000000635f3000 	C:\Program Files\Java\jdk1.8.0_91\jre\bin\server\jvm.dll
0x000007fef6850000 - 0x000007fef6859000 	C:\Windows\system32\WSOCK32.dll
0x000007fefd160000 - 0x000007fefd1ad000 	C:\Windows\system32\WS2_32.dll
0x000007fefd570000 - 0x000007fefd578000 	C:\Windows\system32\NSI.dll
0x000007fefac00000 - 0x000007fefac3b000 	C:\Windows\system32\WINMM.dll
0x000007fefbd10000 - 0x000007fefbd1c000 	C:\Windows\system32\VERSION.dll
0x00000000770b0000 - 0x00000000770b7000 	C:\Windows\system32\PSAPI.DLL
0x00000000748b0000 - 0x00000000748bf000 	C:\Program Files\Java\jdk1.8.0_91\jre\bin\verify.dll
0x0000000074880000 - 0x00000000748a9000 	C:\Program Files\Java\jdk1.8.0_91\jre\bin\java.dll
0x0000000074860000 - 0x0000000074876000 	C:\Program Files\Java\jdk1.8.0_91\jre\bin\zip.dll
0x000007fefe110000 - 0x000007fefee9c000 	C:\Windows\system32\SHELL32.dll
0x000007fefdf00000 - 0x000007fefe103000 	C:\Windows\system32\ole32.dll
0x000007fefcc20000 - 0x000007fefcc2f000 	C:\Windows\system32\profapi.dll

VM Arguments:
jvm_args: -Djava.awt.headless=true -Xmx1024M -Dfile.encoding=windows-1252 -Duser.country=US -Duser.language=en -Duser.variant 
java_command: com.android.dx.command.Main --dex --force-jumbo --num-threads=4 --multi-dex --output C:\Users\Paul\AndroidStudioProjects\CustomGradle\CustomGradle\app\build\intermediates\transforms\dex\free\debug\folders\1000\10\com.android.support-appcompat-v7-23.4.0_609d8785cc8b3f6fa96a8b9298fb63bb09122289 C:\Users\Paul\AndroidStudioProjects\CustomGradle\CustomGradle\app\build\intermediates\exploded-aar\com.android.support\appcompat-v7\23.4.0\jars\classes.jar
java_class_path (initial): C:\Users\Paul\AppData\Local\Android\sdk\build-tools\23.0.3\lib\dx.jar
Launcher Type: SUN_STANDARD

Environment Variables:
CLASSPATH=%CLASSPATH%;JUnit\junit4.12.jar;JUnit\junit4.12.jar;JUnit\junit4.12.jar
PATH=C:\ProgramData\Oracle\Java\javapath;C:\Python27\;C:\Python27\Scripts;C:\Python34\;C:\Python34\Scripts;C:\Windows\system32;C:\Windows;C:\Windows\System32\Wbem;C:\Windows\System32\WindowsPowerShell\v1.0\;C:\Program Files\Intel\WiFi\bin\;C:\Program Files\Common Files\Intel\WirelessCommon\;C:\Program Files\Crucial\Crucial Storage Executive\;C:\Python30\;C:\Program Files\Git\cmd\;C:\Program Files\Crucial\Crucial Storage Executive;C:\Users\Paul\AppData\Local\Android\sdk\platform-tools\;C:\Users\Paul\gradle;C:\Program Files (x86)\Lenovo\Access Connections\;C:\sqlite\;C:\JUnit;C:\Program Files (x86)\Skype\Phone\;C:\Program Files\Intel\WiFi\bin\;C:\Program Files\Common Files\Intel\WirelessCommon\
USERNAME=Paul
OS=Windows_NT
PROCESSOR_IDENTIFIER=Intel64 Family 6 Model 37 Stepping 5, GenuineIntel



---------------  S Y S T E M  ---------------

OS: Windows 7 , 64 bit Build 7601 (6.1.7601.23455)

CPU:total 4 (2 cores per cpu, 2 threads per core) family 6 model 37 stepping 5, cmov, cx8, fxsr, mmx, sse, sse2, sse3, ssse3, sse4.1, sse4.2, popcnt, aes, clmul, ht, tsc, tscinvbit

Memory: 4k page, physical 8179368k(1201000k free), swap 8177508k(5496k free)

vm_info: Java HotSpot(TM) 64-Bit Server VM (25.91-b14) for windows-amd64 JRE (1.8.0_91-b14), built on Apr  1 2016 00:58:32 by "java_re" with MS VC++ 10.0 (VS2010)

time: Sat Jul 16 16:36:48 2016
elapsed time: 17 seconds (0d 0h 0m 17s)

