#
# There is insufficient memory for the Java Runtime Environment to continue.
# Native memory allocation (malloc) failed to allocate 430736 bytes for Chunk::new
# Possible reasons:
#   The system is out of physical RAM or swap space
#   In 32 bit mode, the process size limit was hit
# Possible solutions:
#   Reduce memory load on the system
#   Increase physical memory or swap space
#   Check if swap backing store is full
#   Use 64 bit Java on a 64 bit OS
#   Decrease Java heap size (-Xmx/-Xms)
#   Decrease number of Java threads
#   Decrease Java thread stack sizes (-Xss)
#   Set larger code cache with -XX:ReservedCodeCacheSize=
# This output file may be truncated or incomplete.
#
#  Out of Memory Error (allocation.cpp:390), pid=4448, tid=4904
#
# JRE version: Java(TM) SE Runtime Environment (8.0_91-b14) (build 1.8.0_91-b14)
# Java VM: Java HotSpot(TM) 64-Bit Server VM (25.91-b14 mixed mode windows-amd64 compressed oops)
# Failed to write core dump. Minidumps are not enabled by default on client versions of Windows
#

---------------  T H R E A D  ---------------

Current thread (0x0000000055166800):  JavaThread "C2 CompilerThread0" daemon [_thread_in_native, id=4904, stack(0x0000000056a40000,0x0000000056b40000)]

Stack: [0x0000000056a40000,0x0000000056b40000]
[error occurred during error reporting (printing stack bounds), id 0xc0000005]

Native frames: (J=compiled Java code, j=interpreted, Vv=VM code, C=native code)


Current CompileTask:
C2:   7645 1385       4       com.android.dx.ssa.LocalVariableExtractor::processBlock (383 bytes)


---------------  P R O C E S S  ---------------

Java Threads: ( => current thread )
  0x0000000057003800 JavaThread "pool-2-thread-4" [_thread_blocked, id=5492, stack(0x0000000057a60000,0x0000000057b60000)]
  0x0000000056f6c000 JavaThread "pool-2-thread-3" [_thread_blocked, id=6452, stack(0x0000000057100000,0x0000000057200000)]
  0x0000000056f68800 JavaThread "pool-2-thread-2" [_thread_blocked, id=6024, stack(0x00000000578f0000,0x00000000579f0000)]
  0x0000000056f66800 JavaThread "pool-3-thread-1" [_thread_blocked, id=6040, stack(0x0000000057710000,0x0000000057810000)]
  0x0000000056f8c800 JavaThread "pool-2-thread-1" [_thread_blocked, id=6308, stack(0x00000000574d0000,0x00000000575d0000)]
  0x0000000056d73800 JavaThread "Service Thread" daemon [_thread_blocked, id=5472, stack(0x0000000057230000,0x0000000057330000)]
  0x0000000056d57000 JavaThread "C1 CompilerThread2" daemon [_thread_blocked, id=6204, stack(0x0000000056770000,0x0000000056870000)]
  0x000000005516e800 JavaThread "C2 CompilerThread1" daemon [_thread_in_native, id=6820, stack(0x0000000056c00000,0x0000000056d00000)]
=>0x0000000055166800 JavaThread "C2 CompilerThread0" daemon [_thread_in_native, id=4904, stack(0x0000000056a40000,0x0000000056b40000)]
  0x0000000055162800 JavaThread "Attach Listener" daemon [_thread_blocked, id=6504, stack(0x0000000056880000,0x0000000056980000)]
  0x0000000055161000 JavaThread "Signal Dispatcher" daemon [_thread_blocked, id=6660, stack(0x00000000564b0000,0x00000000565b0000)]
  0x0000000055149000 JavaThread "Finalizer" daemon [_thread_blocked, id=5260, stack(0x00000000565f0000,0x00000000566f0000)]
  0x0000000055102000 JavaThread "Reference Handler" daemon [_thread_blocked, id=5708, stack(0x0000000056300000,0x0000000056400000)]
  0x000000000237e000 JavaThread "main" [_thread_blocked, id=5144, stack(0x0000000002400000,0x0000000002500000)]

Other Threads:
  0x00000000550fa800 VMThread [stack: 0x0000000056180000,0x0000000056280000] [id=2940]
  0x0000000056d7b800 WatcherThread [stack: 0x00000000573b0000,0x00000000574b0000] [id=848]

VM state:not at safepoint (normal execution)

VM Mutex/Monitor currently owned by a thread: None

Heap:
 PSYoungGen      total 37888K, used 13850K [0x00000000eab00000, 0x00000000ef500000, 0x0000000100000000)
  eden space 32768K, 26% used [0x00000000eab00000,0x00000000eb387e90,0x00000000ecb00000)
  from space 5120K, 99% used [0x00000000ecb00000,0x00000000ecffeac8,0x00000000ed000000)
  to   space 5120K, 0% used [0x00000000ef000000,0x00000000ef000000,0x00000000ef500000)
 ParOldGen       total 86016K, used 1342K [0x00000000c0000000, 0x00000000c5400000, 0x00000000eab00000)
  object space 86016K, 1% used [0x00000000c0000000,0x00000000c014fb10,0x00000000c5400000)
 Metaspace       used 6086K, capacity 6964K, committed 7040K, reserved 1056768K
  class space    used 600K, capacity 620K, committed 640K, reserved 1048576K

Card table byte_map: [0x0000000011c70000,0x0000000011e80000] byte_map_base: 0x0000000011670000

Marking Bits: (ParMarkBitMap*) 0x0000000063572f70
 Begin Bits: [0x0000000012570000, 0x0000000013570000)
 End Bits:   [0x0000000013570000, 0x0000000014570000)

Polling page: 0x0000000000150000

CodeCache: size=245760Kb used=5626Kb max_used=5641Kb free=240133Kb
 bounds [0x00000000028b0000, 0x0000000002e40000, 0x00000000118b0000]
 total_blobs=1645 nmethods=1377 adapters=182
 compilation: enabled

Compilation events (10 events):
Event: 7.565 Thread 0x0000000056d57000 1382       3       com.android.dx.ssa.ConstCollector::updateConstUses (248 bytes)
Event: 7.567 Thread 0x0000000056d57000 nmethod 1382 0x0000000002e2bf10 code [0x0000000002e2c280, 0x0000000002e2e318]
Event: 7.568 Thread 0x0000000056d57000 1384       3       com.android.dx.ssa.back.FirstFitLocalCombiningAllocator::handleLocalAssociatedParams (132 bytes)
Event: 7.569 Thread 0x0000000056d57000 nmethod 1384 0x0000000002e2f690 code [0x0000000002e2f920, 0x0000000002e30848]
Event: 7.569 Thread 0x0000000056d57000 1383       3       com.android.dx.rop.code.Insn::contentEquals (84 bytes)
Event: 7.570 Thread 0x0000000056d57000 nmethod 1383 0x0000000002e29290 code [0x0000000002e29480, 0x0000000002e2a098]
Event: 7.577 Thread 0x0000000056d57000 1386       3       com.android.dx.rop.code.Rops::opConst (85 bytes)
Event: 7.578 Thread 0x0000000056d57000 nmethod 1386 0x0000000002e31110 code [0x0000000002e31360, 0x0000000002e32048]
Event: 7.624 Thread 0x0000000055166800 nmethod 1374 0x0000000002e36350 code [0x0000000002e36540, 0x0000000002e375e0]
Event: 7.624 Thread 0x0000000055166800 1385       4       com.android.dx.ssa.LocalVariableExtractor::processBlock (383 bytes)

GC Heap History (2 events):
Event: 5.496 GC heap before
{Heap before GC invocations=1 (full 0):
 PSYoungGen      total 37888K, used 32768K [0x00000000eab00000, 0x00000000ed500000, 0x0000000100000000)
  eden space 32768K, 100% used [0x00000000eab00000,0x00000000ecb00000,0x00000000ecb00000)
  from space 5120K, 0% used [0x00000000ed000000,0x00000000ed000000,0x00000000ed500000)
  to   space 5120K, 0% used [0x00000000ecb00000,0x00000000ecb00000,0x00000000ed000000)
 ParOldGen       total 86016K, used 0K [0x00000000c0000000, 0x00000000c5400000, 0x00000000eab00000)
  object space 86016K, 0% used [0x00000000c0000000,0x00000000c0000000,0x00000000c5400000)
 Metaspace       used 6041K, capacity 6964K, committed 7040K, reserved 1056768K
  class space    used 600K, capacity 620K, committed 640K, reserved 1048576K
Event: 7.073 GC heap after
Heap after GC invocations=1 (full 0):
 PSYoungGen      total 37888K, used 5114K [0x00000000eab00000, 0x00000000ef500000, 0x0000000100000000)
  eden space 32768K, 0% used [0x00000000eab00000,0x00000000eab00000,0x00000000ecb00000)
  from space 5120K, 99% used [0x00000000ecb00000,0x00000000ecffeac8,0x00000000ed000000)
  to   space 5120K, 0% used [0x00000000ef000000,0x00000000ef000000,0x00000000ef500000)
 ParOldGen       total 86016K, used 1342K [0x00000000c0000000, 0x00000000c5400000, 0x00000000eab00000)
  object space 86016K, 1% used [0x00000000c0000000,0x00000000c014fb10,0x00000000c5400000)
 Metaspace       used 6041K, capacity 6964K, committed 7040K, reserved 1056768K
  class space    used 600K, capacity 620K, committed 640K, reserved 1048576K
}

Deoptimization events (10 events):
Event: 3.542 Thread 0x0000000056f68800 Uncommon trap: reason=unstable_if action=reinterpret pc=0x0000000002b0bc20 method=java.util.BitSet.nextSetBit(I)I @ 87
Event: 5.445 Thread 0x0000000057003800 Uncommon trap: reason=unstable_if action=reinterpret pc=0x0000000002ceb72c method=com.android.dx.util.IntList.binarysearch(I)I @ 105
Event: 5.478 Thread 0x0000000057003800 Uncommon trap: reason=null_check action=make_not_entrant pc=0x0000000002bde660 method=com.android.dx.ssa.SsaRenamer.getLocalForNewReg(I)Lcom/android/dx/rop/code/LocalItem; @ 19
Event: 5.479 Thread 0x0000000057003800 Uncommon trap: reason=null_check action=make_not_entrant pc=0x0000000002bd0a50 method=com.android.dx.ssa.SsaRenamer.getLocalForNewReg(I)Lcom/android/dx/rop/code/LocalItem; @ 19
Event: 5.495 Thread 0x0000000057003800 Uncommon trap: reason=bimorphic action=maybe_recompile pc=0x0000000002b54968 method=java.util.HashMap.getNode(ILjava/lang/Object;)Ljava/util/HashMap$Node; @ 126
Event: 5.495 Thread 0x0000000057003800 Uncommon trap: reason=class_check action=maybe_recompile pc=0x0000000002d408c4 method=java.util.HashMap.putVal(ILjava/lang/Object;Ljava/lang/Object;ZZ)Ljava/lang/Object; @ 203
Event: 7.077 Thread 0x0000000057003800 Uncommon trap: reason=bimorphic action=maybe_recompile pc=0x0000000002aed288 method=java.util.HashMap.getNode(ILjava/lang/Object;)Ljava/util/HashMap$Node; @ 126
Event: 7.403 Thread 0x000000000237e000 Uncommon trap: reason=unstable_if action=reinterpret pc=0x0000000002c58dbc method=java.lang.String.<init>([CII)V @ 18
Event: 7.502 Thread 0x0000000056f6c000 Uncommon trap: reason=unstable_if action=reinterpret pc=0x0000000002ba3208 method=com.android.dx.rop.code.RegisterSpec.equals(ILcom/android/dx/rop/type/TypeBearer;Lcom/android/dx/rop/code/LocalItem;)Z @ 42
Event: 7.504 Thread 0x0000000056f6c000 Uncommon trap: reason=unstable_if action=reinterpret pc=0x0000000002b91304 method=com.android.dx.rop.cst.Constant.compareTo(Lcom/android/dx/rop/cst/Constant;)I @ 12

Internal exceptions (4 events):
Event: 1.174 Thread 0x000000000237e000 Exception <a 'java/lang/NoSuchMethodError': Method sun.misc.Unsafe.defineClass(Ljava/lang/String;[BII)Ljava/lang/Class; name or signature does not match> (0x00000000eab07cc0) thrown at [C:\re\workspace\8-2-build-windows-amd64-cygwin\jdk8u91\6644\hotspot\sr‘<>- Ú?
Event: 1.174 Thread 0x000000000237e000 Exception <a 'java/lang/NoSuchMethodError': Method sun.misc.Unsafe.prefetchRead(Ljava/lang/Object;J)V name or signature does not match> (0x00000000eab07fa8) thrown at [C:\re\workspace\8-2-build-windows-amd64-cygwin\jdk8u91\6644\hotspot\src\share\vm\prims\jz$oUË@
Event: 5.477 Thread 0x0000000057003800 Implicit null exception at 0x0000000002bdd043 to 0x0000000002bde615
Event: 5.479 Thread 0x0000000057003800 Implicit null exception at 0x0000000002bd0096 to 0x0000000002bd0a2d

Events (10 events):
Event: 7.077 Thread 0x0000000057003800 DEOPT UNPACKING pc=0x00000000028f582a sp=0x0000000057b5ed98 mode 2
Event: 7.403 Thread 0x000000000237e000 Uncommon trap: trap_request=0xffffff65 fr.pc=0x0000000002c58dbc
Event: 7.403 Thread 0x000000000237e000 DEOPT PACKING pc=0x0000000002c58dbc sp=0x00000000024fe6f0
Event: 7.403 Thread 0x000000000237e000 DEOPT UNPACKING pc=0x00000000028f582a sp=0x00000000024fe620 mode 2
Event: 7.502 Thread 0x0000000056f6c000 Uncommon trap: trap_request=0xffffff65 fr.pc=0x0000000002ba3208
Event: 7.502 Thread 0x0000000056f6c000 DEOPT PACKING pc=0x0000000002ba3208 sp=0x00000000571fe620
Event: 7.502 Thread 0x0000000056f6c000 DEOPT UNPACKING pc=0x00000000028f582a sp=0x00000000571fe5a8 mode 2
Event: 7.504 Thread 0x0000000056f6c000 Uncommon trap: trap_request=0xffffff65 fr.pc=0x0000000002b91304
Event: 7.504 Thread 0x0000000056f6c000 DEOPT PACKING pc=0x0000000002b91304 sp=0x00000000571fe310
Event: 7.504 Thread 0x0000000056f6c000 DEOPT UNPACKING pc=0x00000000028f582a sp=0x00000000571fe2b0 mode 2


Dynamic libraries:
0x000000013f480000 - 0x000000013f4b7000 	C:\Program Files\Java\jdk1.8.0_91\bin\java.exe
0x0000000076ee0000 - 0x000000007708b000 	C:\Windows\SYSTEM32\ntdll.dll
0x0000000076dc0000 - 0x0000000076edf000 	C:\Windows\system32\kernel32.dll
0x000007fefcee0000 - 0x000007fefcf4a000 	C:\Windows\system32\KERNELBASE.dll
0x000007fefd080000 - 0x000007fefd15b000 	C:\Windows\system32\ADVAPI32.dll
0x000007fefcfe0000 - 0x000007fefd07f000 	C:\Windows\system32\msvcrt.dll
0x000007fefda50000 - 0x000007fefda6f000 	C:\Windows\SYSTEM32\sechost.dll
0x000007fefd320000 - 0x000007fefd44d000 	C:\Windows\system32\RPCRT4.dll
0x0000000076cc0000 - 0x0000000076dba000 	C:\Windows\system32\USER32.dll
0x000007fefd580000 - 0x000007fefd5e7000 	C:\Windows\system32\GDI32.dll
0x000007fefda40000 - 0x000007fefda4e000 	C:\Windows\system32\LPK.dll
0x000007fefd250000 - 0x000007fefd31a000 	C:\Windows\system32\USP10.dll
0x000007fefb680000 - 0x000007fefb874000 	C:\Windows\WinSxS\amd64_microsoft.windows.common-controls_6595b64144ccf1df_6.0.7601.18837_none_fa3b1e3d17594757\COMCTL32.dll
0x000007fefd8e0000 - 0x000007fefd951000 	C:\Windows\system32\SHLWAPI.dll
0x000007fefdd40000 - 0x000007fefdd6e000 	C:\Windows\system32\IMM32.DLL
0x000007fefd5f0000 - 0x000007fefd6f9000 	C:\Windows\system32\MSCTF.dll
0x000007fefcf80000 - 0x000007fefcf85000 	C:\Windows\system32\api-ms-win-downlevel-advapi32-l1-1-0.dll
0x000007fefca30000 - 0x000007fefca55000 	C:\Windows\system32\SspiCli.dll
0x0000000073fd0000 - 0x00000000740a2000 	C:\Program Files\Java\jdk1.8.0_91\jre\bin\msvcr100.dll
0x0000000062d60000 - 0x00000000635f3000 	C:\Program Files\Java\jdk1.8.0_91\jre\bin\server\jvm.dll
0x000007fef6850000 - 0x000007fef6859000 	C:\Windows\system32\WSOCK32.dll
0x000007fefd160000 - 0x000007fefd1ad000 	C:\Windows\system32\WS2_32.dll
0x000007fefd570000 - 0x000007fefd578000 	C:\Windows\system32\NSI.dll
0x000007fefac00000 - 0x000007fefac3b000 	C:\Windows\system32\WINMM.dll
0x000007fefbd10000 - 0x000007fefbd1c000 	C:\Windows\system32\VERSION.dll
0x00000000770b0000 - 0x00000000770b7000 	C:\Windows\system32\PSAPI.DLL
0x00000000748b0000 - 0x00000000748bf000 	C:\Program Files\Java\jdk1.8.0_91\jre\bin\verify.dll
0x0000000074880000 - 0x00000000748a9000 	C:\Program Files\Java\jdk1.8.0_91\jre\bin\java.dll
0x0000000074860000 - 0x0000000074876000 	C:\Program Files\Java\jdk1.8.0_91\jre\bin\zip.dll
0x000007fefe110000 - 0x000007fefee9c000 	C:\Windows\system32\SHELL32.dll
0x000007fefdf00000 - 0x000007fefe103000 	C:\Windows\system32\ole32.dll
0x000007fefcc20000 - 0x000007fefcc2f000 	C:\Windows\system32\profapi.dll

VM Arguments:
jvm_args: -Djava.awt.headless=true -Xmx1024M -Dfile.encoding=windows-1252 -Duser.country=US -Duser.language=en -Duser.variant 
java_command: com.android.dx.command.Main --dex --force-jumbo --num-threads=4 --multi-dex --output C:\Users\Paul\AndroidStudioProjects\CustomGradle\CustomGradle\app\build\intermediates\transforms\dex\free\debug\folders\1000\10\google-http-client-1.20.0_56dca26b5963208e615879e098bb8b1a191ab306 C:\Users\Paul\.gradle\caches\modules-2\files-2.1\com.google.http-client\google-http-client\1.20.0\93d82db2bca534960253f43424b2ba9d7638b4d2\google-http-client-1.20.0.jar
java_class_path (initial): C:\Users\Paul\AppData\Local\Android\sdk\build-tools\23.0.3\lib\dx.jar
Launcher Type: SUN_STANDARD

Environment Variables:
CLASSPATH=%CLASSPATH%;JUnit\junit4.12.jar;JUnit\junit4.12.jar;JUnit\junit4.12.jar
PATH=C:\ProgramData\Oracle\Java\javapath;C:\Python27\;C:\Python27\Scripts;C:\Python34\;C:\Python34\Scripts;C:\Windows\system32;C:\Windows;C:\Windows\System32\Wbem;C:\Windows\System32\WindowsPowerShell\v1.0\;C:\Program Files\Intel\WiFi\bin\;C:\Program Files\Common Files\Intel\WirelessCommon\;C:\Program Files\Crucial\Crucial Storage Executive\;C:\Python30\;C:\Program Files\Git\cmd\;C:\Program Files\Crucial\Crucial Storage Executive;C:\Users\Paul\AppData\Local\Android\sdk\platform-tools\;C:\Users\Paul\gradle;C:\Program Files (x86)\Lenovo\Access Connections\;C:\sqlite\;C:\JUnit;C:\Program Files (x86)\Skype\Phone\;C:\Program Files\Intel\WiFi\bin\;C:\Program Files\Common Files\Intel\WirelessCommon\
USERNAME=Paul
OS=Windows_NT
PROCESSOR_IDENTIFIER=Intel64 Family 6 Model 37 Stepping 5, GenuineIntel



---------------  S Y S T E M  ---------------

OS: Windows 7 , 64 bit Build 7601 (6.1.7601.23455)

CPU:total 4 (2 cores per cpu, 2 threads per core) family 6 model 37 stepping 5, cmov, cx8, fxsr, mmx, sse, sse2, sse3, ssse3, sse4.1, sse4.2, popcnt, aes, clmul, ht, tsc, tscinvbit

Memory: 4k page, physical 8179368k(1510624k free), swap 8177508k(5092k free)

vm_info: Java HotSpot(TM) 64-Bit Server VM (25.91-b14) for windows-amd64 JRE (1.8.0_91-b14), built on Apr  1 2016 00:58:32 by "java_re" with MS VC++ 10.0 (VS2010)

time: Sat Jul 16 16:45:49 2016
elapsed time: 7 seconds (0d 0h 0m 7s)

