#
# There is insufficient memory for the Java Runtime Environment to continue.
# Native memory allocation (malloc) failed to allocate 65552 bytes for Chunk::new
# Possible reasons:
#   The system is out of physical RAM or swap space
#   In 32 bit mode, the process size limit was hit
# Possible solutions:
#   Reduce memory load on the system
#   Increase physical memory or swap space
#   Check if swap backing store is full
#   Use 64 bit Java on a 64 bit OS
#   Decrease Java heap size (-Xmx/-Xms)
#   Decrease number of Java threads
#   Decrease Java thread stack sizes (-Xss)
#   Set larger code cache with -XX:ReservedCodeCacheSize=
# This output file may be truncated or incomplete.
#
#  Out of Memory Error (allocation.cpp:390), pid=4972, tid=5236
#
# JRE version: Java(TM) SE Runtime Environment (8.0_91-b14) (build 1.8.0_91-b14)
# Java VM: Java HotSpot(TM) 64-Bit Server VM (25.91-b14 mixed mode windows-amd64 compressed oops)
# Failed to write core dump. Minidumps are not enabled by default on client versions of Windows
#

---------------  T H R E A D  ---------------

Current thread (0x00000000554cb000):  JavaThread "C2 CompilerThread1" daemon [_thread_in_native, id=5236, stack(0x0000000056b10000,0x0000000056c10000)]

Stack: [0x0000000056b10000,0x0000000056c10000]
[error occurred during error reporting (printing stack bounds), id 0xc0000005]

Native frames: (J=compiled Java code, j=interpreted, Vv=VM code, C=native code)


Current CompileTask:
C2:  21704 1696 %     4       com.android.dx.ssa.SsaConverter::placePhiFunctions @ 131 (394 bytes)


---------------  P R O C E S S  ---------------

Java Threads: ( => current thread )
  0x0000000057152800 JavaThread "pool-2-thread-4" [_thread_blocked, id=6736, stack(0x0000000057b00000,0x0000000057c00000)]
  0x0000000057151800 JavaThread "pool-2-thread-3" [_thread_blocked, id=1472, stack(0x00000000574d0000,0x00000000575d0000)]
  0x000000005714f000 JavaThread "pool-2-thread-2" [_thread_blocked, id=5640, stack(0x00000000579a0000,0x0000000057aa0000)]
  0x000000005714b000 JavaThread "pool-3-thread-1" [_thread_blocked, id=5788, stack(0x00000000577f0000,0x00000000578f0000)]
  0x0000000057149000 JavaThread "pool-2-thread-1" [_thread_blocked, id=2688, stack(0x00000000575f0000,0x00000000576f0000)]
  0x00000000554ce800 JavaThread "Service Thread" daemon [_thread_blocked, id=3616, stack(0x00000000572b0000,0x00000000573b0000)]
  0x00000000554cc000 JavaThread "C1 CompilerThread2" daemon [_thread_blocked, id=5716, stack(0x0000000056d70000,0x0000000056e70000)]
=>0x00000000554cb000 JavaThread "C2 CompilerThread1" daemon [_thread_in_native, id=5236, stack(0x0000000056b10000,0x0000000056c10000)]
  0x00000000554c6800 JavaThread "C2 CompilerThread0" daemon [_thread_blocked, id=4040, stack(0x00000000562f0000,0x00000000563f0000)]
  0x00000000554c2800 JavaThread "Attach Listener" daemon [_thread_blocked, id=2684, stack(0x00000000569e0000,0x0000000056ae0000)]
  0x00000000554c1000 JavaThread "Signal Dispatcher" daemon [_thread_blocked, id=4072, stack(0x0000000056850000,0x0000000056950000)]
  0x00000000554a9800 JavaThread "Finalizer" daemon [_thread_blocked, id=6584, stack(0x00000000566f0000,0x00000000567f0000)]
  0x0000000055462000 JavaThread "Reference Handler" daemon [_thread_blocked, id=2440, stack(0x00000000565d0000,0x00000000566d0000)]
  0x000000000244e000 JavaThread "main" [_thread_blocked, id=5396, stack(0x00000000024f0000,0x00000000025f0000)]

Other Threads:
  0x000000005545a800 VMThread [stack: 0x0000000056480000,0x0000000056580000] [id=5984]
  0x0000000056f04000 WatcherThread [stack: 0x00000000573c0000,0x00000000574c0000] [id=5024]

VM state:not at safepoint (normal execution)

VM Mutex/Monitor currently owned by a thread: None

Heap:
 PSYoungGen      total 70656K, used 17690K [0x00000000eab00000, 0x00000000ef500000, 0x0000000100000000)
  eden space 65536K, 19% used [0x00000000eab00000,0x00000000eb747200,0x00000000eeb00000)
  from space 5120K, 99% used [0x00000000ef000000,0x00000000ef4ff8c8,0x00000000ef500000)
  to   space 5120K, 0% used [0x00000000eeb00000,0x00000000eeb00000,0x00000000ef000000)
 ParOldGen       total 86016K, used 5758K [0x00000000c0000000, 0x00000000c5400000, 0x00000000eab00000)
  object space 86016K, 6% used [0x00000000c0000000,0x00000000c059f970,0x00000000c5400000)
 Metaspace       used 6175K, capacity 7026K, committed 7296K, reserved 1056768K
  class space    used 600K, capacity 618K, committed 640K, reserved 1048576K

Card table byte_map: [0x0000000011d20000,0x0000000011f30000] byte_map_base: 0x0000000011720000

Marking Bits: (ParMarkBitMap*) 0x0000000063572f70
 Begin Bits: [0x00000000128d0000, 0x00000000138d0000)
 End Bits:   [0x00000000138d0000, 0x00000000148d0000)

Polling page: 0x0000000000160000

CodeCache: size=245760Kb used=7479Kb max_used=7494Kb free=238280Kb
 bounds [0x0000000002960000, 0x00000000030c0000, 0x0000000011960000]
 total_blobs=1955 nmethods=1687 adapters=182
 compilation: enabled

Compilation events (10 events):
Event: 20.182 Thread 0x00000000554cc000 nmethod 1693 0x00000000030a1690 code [0x00000000030a1800, 0x00000000030a1a70]
Event: 20.182 Thread 0x00000000554cc000 1692       1       sun.util.calendar.BaseCalendar$Date::getCachedYear (5 bytes)
Event: 20.182 Thread 0x00000000554cc000 nmethod 1692 0x00000000030a13d0 code [0x00000000030a1520, 0x00000000030a1630]
Event: 20.218 Thread 0x00000000554c6800 1694       4       com.android.dx.ssa.back.FirstFitLocalCombiningAllocator::addMapping (76 bytes)
Event: 20.268 Thread 0x00000000554c6800 nmethod 1694 0x00000000030b4450 code [0x00000000030b4660, 0x00000000030b5ac8]
Event: 20.879 Thread 0x00000000554cc000 1695       3       java.util.concurrent.locks.ReentrantLock::lock (8 bytes)
Event: 20.879 Thread 0x00000000554cc000 nmethod 1695 0x00000000030a0f90 code [0x00000000030a1100, 0x00000000030a1328]
Event: 21.678 Thread 0x00000000554cb000 1696 %     4       com.android.dx.ssa.SsaConverter::placePhiFunctions @ 131 (394 bytes)
Event: 21.678 Thread 0x00000000554c6800 1697       4       com.android.dx.rop.code.RegisterSpecList::set (7 bytes)
Event: 21.680 Thread 0x00000000554c6800 nmethod 1697 0x000000000309f6d0 code [0x000000000309f820, 0x000000000309f918]

GC Heap History (4 events):
Event: 4.081 GC heap before
{Heap before GC invocations=1 (full 0):
 PSYoungGen      total 37888K, used 32768K [0x00000000eab00000, 0x00000000ed500000, 0x0000000100000000)
  eden space 32768K, 100% used [0x00000000eab00000,0x00000000ecb00000,0x00000000ecb00000)
  from space 5120K, 0% used [0x00000000ed000000,0x00000000ed000000,0x00000000ed500000)
  to   space 5120K, 0% used [0x00000000ecb00000,0x00000000ecb00000,0x00000000ed000000)
 ParOldGen       total 86016K, used 0K [0x00000000c0000000, 0x00000000c5400000, 0x00000000eab00000)
  object space 86016K, 0% used [0x00000000c0000000,0x00000000c0000000,0x00000000c5400000)
 Metaspace       used 5953K, capacity 6898K, committed 7040K, reserved 1056768K
  class space    used 598K, capacity 618K, committed 640K, reserved 1048576K
Event: 4.600 GC heap after
Heap after GC invocations=1 (full 0):
 PSYoungGen      total 37888K, used 5098K [0x00000000eab00000, 0x00000000ef500000, 0x0000000100000000)
  eden space 32768K, 0% used [0x00000000eab00000,0x00000000eab00000,0x00000000ecb00000)
  from space 5120K, 99% used [0x00000000ecb00000,0x00000000ecffaab8,0x00000000ed000000)
  to   space 5120K, 0% used [0x00000000ef000000,0x00000000ef000000,0x00000000ef500000)
 ParOldGen       total 86016K, used 1534K [0x00000000c0000000, 0x00000000c5400000, 0x00000000eab00000)
  object space 86016K, 1% used [0x00000000c0000000,0x00000000c017f8d0,0x00000000c5400000)
 Metaspace       used 5953K, capacity 6898K, committed 7040K, reserved 1056768K
  class space    used 598K, capacity 618K, committed 640K, reserved 1048576K
}
Event: 9.894 GC heap before
{Heap before GC invocations=2 (full 0):
 PSYoungGen      total 37888K, used 37866K [0x00000000eab00000, 0x00000000ef500000, 0x0000000100000000)
  eden space 32768K, 100% used [0x00000000eab00000,0x00000000ecb00000,0x00000000ecb00000)
  from space 5120K, 99% used [0x00000000ecb00000,0x00000000ecffaab8,0x00000000ed000000)
  to   space 5120K, 0% used [0x00000000ef000000,0x00000000ef000000,0x00000000ef500000)
 ParOldGen       total 86016K, used 1534K [0x00000000c0000000, 0x00000000c5400000, 0x00000000eab00000)
  object space 86016K, 1% used [0x00000000c0000000,0x00000000c017f8d0,0x00000000c5400000)
 Metaspace       used 6153K, capacity 7026K, committed 7296K, reserved 1056768K
  class space    used 600K, capacity 618K, committed 640K, reserved 1048576K
Event: 10.233 GC heap after
Heap after GC invocations=2 (full 0):
 PSYoungGen      total 70656K, used 5118K [0x00000000eab00000, 0x00000000ef500000, 0x0000000100000000)
  eden space 65536K, 0% used [0x00000000eab00000,0x00000000eab00000,0x00000000eeb00000)
  from space 5120K, 99% used [0x00000000ef000000,0x00000000ef4ff8c8,0x00000000ef500000)
  to   space 5120K, 0% used [0x00000000eeb00000,0x00000000eeb00000,0x00000000ef000000)
 ParOldGen       total 86016K, used 5758K [0x00000000c0000000, 0x00000000c5400000, 0x00000000eab00000)
  object space 86016K, 6% used [0x00000000c0000000,0x00000000c059f970,0x00000000c5400000)
 Metaspace       used 6153K, capacity 7026K, committed 7296K, reserved 1056768K
  class space    used 600K, capacity 618K, committed 640K, reserved 1048576K
}

Deoptimization events (10 events):
Event: 3.996 Thread 0x0000000057149000 Uncommon trap: reason=unstable_if action=reinterpret pc=0x0000000002c0ff54 method=com.android.dx.rop.code.RegisterSpecSet.put(Lcom/android/dx/rop/code/RegisterSpec;)V @ 77
Event: 5.211 Thread 0x000000000244e000 Uncommon trap: reason=unstable_if action=reinterpret pc=0x0000000002eeffb4 method=com.android.dx.ssa.SsaRenamer$BlockRenamer.addMapping(ILcom/android/dx/rop/code/RegisterSpec;)V @ 120
Event: 5.217 Thread 0x000000000244e000 Uncommon trap: reason=unstable_if action=reinterpret pc=0x0000000002e80a74 method=com.android.dx.ssa.SsaRenamer$BlockRenamer.addMapping(ILcom/android/dx/rop/code/RegisterSpec;)V @ 120
Event: 5.292 Thread 0x0000000057151800 Uncommon trap: reason=unstable_if action=reinterpret pc=0x0000000002c80d28 method=com.android.dx.ssa.SsaRenamer$BlockRenamer.addMapping(ILcom/android/dx/rop/code/RegisterSpec;)V @ 120
Event: 5.293 Thread 0x0000000057151800 Uncommon trap: reason=bimorphic action=maybe_recompile pc=0x0000000002b6e6cc method=java.util.HashMap.getNode(ILjava/lang/Object;)Ljava/util/HashMap$Node; @ 126
Event: 5.293 Thread 0x0000000057151800 Uncommon trap: reason=class_check action=maybe_recompile pc=0x0000000002e27628 method=java.util.HashMap.putVal(ILjava/lang/Object;Ljava/lang/Object;ZZ)Ljava/lang/Object; @ 203
Event: 7.851 Thread 0x0000000057149000 Uncommon trap: reason=unstable_if action=reinterpret pc=0x0000000002f5ca98 method=com.android.dx.cf.code.BytecodeArray.parseInstruction(ILcom/android/dx/cf/code/BytecodeArray$Visitor;)I @ 1198
Event: 8.426 Thread 0x0000000057152800 Uncommon trap: reason=unstable_if action=reinterpret pc=0x0000000002f85b9c method=com.android.dx.ssa.InterferenceRegisterMapper.interferes(III)Z @ 69
Event: 8.470 Thread 0x0000000057152800 Uncommon trap: reason=unstable_if action=reinterpret pc=0x0000000002e0ab6c method=com.android.dx.ssa.SCCP.simulateStmt(Lcom/android/dx/ssa/SsaInsn;)V @ 59
Event: 9.673 Thread 0x000000005714f000 Uncommon trap: reason=bimorphic action=maybe_recompile pc=0x0000000002f4a030 method=com.android.dx.rop.code.RegisterSpec.withSimpleType()Lcom/android/dx/rop/code/RegisterSpec; @ 21

Internal exceptions (3 events):
Event: 0.273 Thread 0x000000000244e000 Exception <a 'java/lang/NoSuchMethodError': Method sun.misc.Unsafe.defineClass(Ljava/lang/String;[BII)Ljava/lang/Class; name or signature does not match> (0x00000000eab07cc0) thrown at [C:\re\workspace\8-2-build-windows-amd64-cygwin\jdk8u91\6644\hotspot\srﬁ¿+1}—?
Event: 0.273 Thread 0x000000000244e000 Exception <a 'java/lang/NoSuchMethodError': Method sun.misc.Unsafe.prefetchRead(Ljava/lang/Object;J)V name or signature does not match> (0x00000000eab07fa8) thrown at [C:\re\workspace\8-2-build-windows-amd64-cygwin\jdk8u91\6644\hotspot\src\share\vm\prims\j/ÍLñn›@
Event: 2.608 Thread 0x0000000057151800 Implicit null exception at 0x0000000002c43227 to 0x0000000002c44901

Events (10 events):
Event: 8.441 loading class com/android/dx/cf/code/BytecodeArray$ConstantParserVisitor
Event: 8.441 loading class com/android/dx/cf/code/BytecodeArray$ConstantParserVisitor done
Event: 8.470 Thread 0x0000000057152800 Uncommon trap: trap_request=0xffffff65 fr.pc=0x0000000002e0ab6c
Event: 8.470 Thread 0x0000000057152800 DEOPT PACKING pc=0x0000000002e0ab6c sp=0x0000000057bfe8a0
Event: 8.470 Thread 0x0000000057152800 DEOPT UNPACKING pc=0x00000000029a582a sp=0x0000000057bfe868 mode 2
Event: 9.673 Thread 0x000000005714f000 Uncommon trap: trap_request=0xffffffc6 fr.pc=0x0000000002f4a030
Event: 9.673 Thread 0x000000005714f000 DEOPT PACKING pc=0x0000000002f4a030 sp=0x0000000057a9e9b0
Event: 9.674 Thread 0x000000005714f000 DEOPT UNPACKING pc=0x00000000029a582a sp=0x0000000057a9e948 mode 2
Event: 9.894 Executing VM operation: ParallelGCFailedAllocation
Event: 10.233 Executing VM operation: ParallelGCFailedAllocation done


Dynamic libraries:
0x000000013f480000 - 0x000000013f4b7000 	C:\Program Files\Java\jdk1.8.0_91\bin\java.exe
0x0000000076ee0000 - 0x000000007708b000 	C:\Windows\SYSTEM32\ntdll.dll
0x0000000076dc0000 - 0x0000000076edf000 	C:\Windows\system32\kernel32.dll
0x000007fefcee0000 - 0x000007fefcf4a000 	C:\Windows\system32\KERNELBASE.dll
0x000007fefd080000 - 0x000007fefd15b000 	C:\Windows\system32\ADVAPI32.dll
0x000007fefcfe0000 - 0x000007fefd07f000 	C:\Windows\system32\msvcrt.dll
0x000007fefda50000 - 0x000007fefda6f000 	C:\Windows\SYSTEM32\sechost.dll
0x000007fefd320000 - 0x000007fefd44d000 	C:\Windows\system32\RPCRT4.dll
0x0000000076cc0000 - 0x0000000076dba000 	C:\Windows\system32\USER32.dll
0x000007fefd580000 - 0x000007fefd5e7000 	C:\Windows\system32\GDI32.dll
0x000007fefda40000 - 0x000007fefda4e000 	C:\Windows\system32\LPK.dll
0x000007fefd250000 - 0x000007fefd31a000 	C:\Windows\system32\USP10.dll
0x000007fefb680000 - 0x000007fefb874000 	C:\Windows\WinSxS\amd64_microsoft.windows.common-controls_6595b64144ccf1df_6.0.7601.18837_none_fa3b1e3d17594757\COMCTL32.dll
0x000007fefd8e0000 - 0x000007fefd951000 	C:\Windows\system32\SHLWAPI.dll
0x000007fefdd40000 - 0x000007fefdd6e000 	C:\Windows\system32\IMM32.DLL
0x000007fefd5f0000 - 0x000007fefd6f9000 	C:\Windows\system32\MSCTF.dll
0x000007fefcf80000 - 0x000007fefcf85000 	C:\Windows\system32\api-ms-win-downlevel-advapi32-l1-1-0.dll
0x000007fefca30000 - 0x000007fefca55000 	C:\Windows\system32\SspiCli.dll
0x0000000073fd0000 - 0x00000000740a2000 	C:\Program Files\Java\jdk1.8.0_91\jre\bin\msvcr100.dll
0x0000000062d60000 - 0x00000000635f3000 	C:\Program Files\Java\jdk1.8.0_91\jre\bin\server\jvm.dll
0x000007fef6850000 - 0x000007fef6859000 	C:\Windows\system32\WSOCK32.dll
0x000007fefd160000 - 0x000007fefd1ad000 	C:\Windows\system32\WS2_32.dll
0x000007fefd570000 - 0x000007fefd578000 	C:\Windows\system32\NSI.dll
0x000007fefac00000 - 0x000007fefac3b000 	C:\Windows\system32\WINMM.dll
0x000007fefbd10000 - 0x000007fefbd1c000 	C:\Windows\system32\VERSION.dll
0x00000000770b0000 - 0x00000000770b7000 	C:\Windows\system32\PSAPI.DLL
0x00000000748b0000 - 0x00000000748bf000 	C:\Program Files\Java\jdk1.8.0_91\jre\bin\verify.dll
0x0000000074880000 - 0x00000000748a9000 	C:\Program Files\Java\jdk1.8.0_91\jre\bin\java.dll
0x0000000074860000 - 0x0000000074876000 	C:\Program Files\Java\jdk1.8.0_91\jre\bin\zip.dll
0x000007fefe110000 - 0x000007fefee9c000 	C:\Windows\system32\SHELL32.dll
0x000007fefdf00000 - 0x000007fefe103000 	C:\Windows\system32\ole32.dll
0x000007fefcc20000 - 0x000007fefcc2f000 	C:\Windows\system32\profapi.dll

VM Arguments:
jvm_args: -Djava.awt.headless=true -Xmx1024M -Dfile.encoding=windows-1252 -Duser.country=US -Duser.language=en -Duser.variant 
java_command: com.android.dx.command.Main --dex --force-jumbo --num-threads=4 --multi-dex --output C:\Users\Paul\AndroidStudioProjects\CustomGradle\CustomGradle\app\build\intermediates\transforms\dex\free\debug\folders\1000\10\google-api-client-1.20.0_d280cfdab21343a0f6ad83b4f3ca6354632e2837 C:\Users\Paul\.gradle\caches\modules-2\files-2.1\com.google.api-client\google-api-client\1.20.0\d3e66209ae9e749b2d6833761e7885f60f285564\google-api-client-1.20.0.jar
java_class_path (initial): C:\Users\Paul\AppData\Local\Android\sdk\build-tools\23.0.3\lib\dx.jar
Launcher Type: SUN_STANDARD

Environment Variables:
CLASSPATH=%CLASSPATH%;JUnit\junit4.12.jar;JUnit\junit4.12.jar;JUnit\junit4.12.jar
PATH=C:\ProgramData\Oracle\Java\javapath;C:\Python27\;C:\Python27\Scripts;C:\Python34\;C:\Python34\Scripts;C:\Windows\system32;C:\Windows;C:\Windows\System32\Wbem;C:\Windows\System32\WindowsPowerShell\v1.0\;C:\Program Files\Intel\WiFi\bin\;C:\Program Files\Common Files\Intel\WirelessCommon\;C:\Program Files\Crucial\Crucial Storage Executive\;C:\Python30\;C:\Program Files\Git\cmd\;C:\Program Files\Crucial\Crucial Storage Executive;C:\Users\Paul\AppData\Local\Android\sdk\platform-tools\;C:\Users\Paul\gradle;C:\Program Files (x86)\Lenovo\Access Connections\;C:\sqlite\;C:\JUnit;C:\Program Files (x86)\Skype\Phone\;C:\Program Files\Intel\WiFi\bin\;C:\Program Files\Common Files\Intel\WirelessCommon\
USERNAME=Paul
OS=Windows_NT
PROCESSOR_IDENTIFIER=Intel64 Family 6 Model 37 Stepping 5, GenuineIntel



---------------  S Y S T E M  ---------------

OS: Windows 7 , 64 bit Build 7601 (6.1.7601.23455)

CPU:total 4 (2 cores per cpu, 2 threads per core) family 6 model 37 stepping 5, cmov, cx8, fxsr, mmx, sse, sse2, sse3, ssse3, sse4.1, sse4.2, popcnt, aes, clmul, ht, tsc, tscinvbit

Memory: 4k page, physical 8179368k(1519992k free), swap 8177508k(5144k free)

vm_info: Java HotSpot(TM) 64-Bit Server VM (25.91-b14) for windows-amd64 JRE (1.8.0_91-b14), built on Apr  1 2016 00:58:32 by "java_re" with MS VC++ 10.0 (VS2010)

time: Sat Jul 16 16:45:33 2016
elapsed time: 21 seconds (0d 0h 0m 21s)

