#
# There is insufficient memory for the Java Runtime Environment to continue.
# Native memory allocation (malloc) failed to allocate 32744 bytes for ChunkPool::allocate
# Possible reasons:
#   The system is out of physical RAM or swap space
#   In 32 bit mode, the process size limit was hit
# Possible solutions:
#   Reduce memory load on the system
#   Increase physical memory or swap space
#   Check if swap backing store is full
#   Use 64 bit Java on a 64 bit OS
#   Decrease Java heap size (-Xmx/-Xms)
#   Decrease number of Java threads
#   Decrease Java thread stack sizes (-Xss)
#   Set larger code cache with -XX:ReservedCodeCacheSize=
# This output file may be truncated or incomplete.
#
#  Out of Memory Error (allocation.cpp:273), pid=6100, tid=2336
#
# JRE version: Java(TM) SE Runtime Environment (8.0_91-b14) (build 1.8.0_91-b14)
# Java VM: Java HotSpot(TM) 64-Bit Server VM (25.91-b14 mixed mode windows-amd64 compressed oops)
# Failed to write core dump. Minidumps are not enabled by default on client versions of Windows
#

---------------  T H R E A D  ---------------

Current thread (0x0000000055136800):  JavaThread "C2 CompilerThread0" daemon [_thread_in_native, id=2336, stack(0x00000000569c0000,0x0000000056ac0000)]

Stack: [0x00000000569c0000,0x0000000056ac0000]
[error occurred during error reporting (printing stack bounds), id 0xc0000005]

Native frames: (J=compiled Java code, j=interpreted, Vv=VM code, C=native code)


Current CompileTask:
C2:  12061 1799   !   4       com.android.dx.cf.code.BytecodeArray::parseInstruction (2764 bytes)


---------------  P R O C E S S  ---------------

Java Threads: ( => current thread )
  0x0000000056d3b800 JavaThread "pool-2-thread-4" [_thread_blocked, id=7156, stack(0x0000000057080000,0x0000000057180000)]
  0x0000000056d38800 JavaThread "pool-2-thread-3" [_thread_blocked, id=7132, stack(0x00000000577c0000,0x00000000578c0000)]
  0x0000000056d38000 JavaThread "pool-2-thread-2" [_thread_blocked, id=6848, stack(0x0000000057670000,0x0000000057770000)]
  0x0000000056d37000 JavaThread "pool-3-thread-1" [_thread_blocked, id=6680, stack(0x0000000057570000,0x0000000057670000)]
  0x0000000056d2b800 JavaThread "pool-2-thread-1" [_thread_blocked, id=6532, stack(0x00000000573d0000,0x00000000574d0000)]
  0x0000000056b2f000 JavaThread "Service Thread" daemon [_thread_blocked, id=3888, stack(0x0000000056f60000,0x0000000057060000)]
  0x0000000056b0f000 JavaThread "C1 CompilerThread2" daemon [_thread_blocked, id=3084, stack(0x0000000056620000,0x0000000056720000)]
  0x000000005513b000 JavaThread "C2 CompilerThread1" daemon [_thread_blocked, id=2924, stack(0x00000000568c0000,0x00000000569c0000)]
=>0x0000000055136800 JavaThread "C2 CompilerThread0" daemon [_thread_in_native, id=2336, stack(0x00000000569c0000,0x0000000056ac0000)]
  0x0000000055132800 JavaThread "Attach Listener" daemon [_thread_blocked, id=2280, stack(0x00000000567b0000,0x00000000568b0000)]
  0x0000000055131000 JavaThread "Signal Dispatcher" daemon [_thread_blocked, id=1776, stack(0x0000000056500000,0x0000000056600000)]
  0x0000000055119000 JavaThread "Finalizer" daemon [_thread_blocked, id=1516, stack(0x00000000563c0000,0x00000000564c0000)]
  0x00000000550d2000 JavaThread "Reference Handler" daemon [_thread_blocked, id=1088, stack(0x00000000561c0000,0x00000000562c0000)]
  0x000000000028e000 JavaThread "main" [_thread_in_Java, id=6872, stack(0x0000000002300000,0x0000000002400000)]

Other Threads:
  0x00000000550ca800 VMThread [stack: 0x0000000055f20000,0x0000000056020000] [id=6980]
  0x0000000056b3a800 WatcherThread [stack: 0x0000000057190000,0x0000000057290000] [id=6252]

VM state:not at safepoint (normal execution)

VM Mutex/Monitor currently owned by a thread:  ([mutex/lock_event])
[0x000000000028cb60] Heap_lock - owner thread: 0x0000000056d38000

Heap:
 PSYoungGen      total 70656K, used 5484K [0x00000000eab00000, 0x00000000f3500000, 0x0000000100000000)
  eden space 65536K, 0% used [0x00000000eab00000,0x00000000eab5fc60,0x00000000eeb00000)
  from space 5120K, 99% used [0x00000000eeb00000,0x00000000eeffb3b0,0x00000000ef000000)
  to   space 5120K, 0% used [0x00000000f3000000,0x00000000f3000000,0x00000000f3500000)
 ParOldGen       total 86016K, used 15835K [0x00000000c0000000, 0x00000000c5400000, 0x00000000eab00000)
  object space 86016K, 18% used [0x00000000c0000000,0x00000000c0f76ef8,0x00000000c5400000)
 Metaspace       used 6300K, capacity 7128K, committed 7424K, reserved 1056768K
  class space    used 621K, capacity 656K, committed 768K, reserved 1048576K

Card table byte_map: [0x0000000011a90000,0x0000000011ca0000] byte_map_base: 0x0000000011490000

Marking Bits: (ParMarkBitMap*) 0x0000000063572f70
 Begin Bits: [0x0000000012540000, 0x0000000013540000)
 End Bits:   [0x0000000013540000, 0x0000000014540000)

Polling page: 0x0000000000250000

CodeCache: size=245760Kb used=8108Kb max_used=8108Kb free=237652Kb
 bounds [0x00000000026d0000, 0x0000000002ed0000, 0x00000000116d0000]
 total_blobs=2096 nmethods=1828 adapters=182
 compilation: enabled

Compilation events (10 events):
Event: 11.468 Thread 0x0000000056b0f000 1896       3       com.android.dx.dex.code.OutputCollector::appendSuffixToOutput (45 bytes)
Event: 11.469 Thread 0x0000000056b0f000 nmethod 1896 0x0000000002eb0a90 code [0x0000000002eb0ca0, 0x0000000002eb1738]
Event: 11.469 Thread 0x0000000056b0f000 1897       3       com.android.dx.dex.code.DalvCode::<init> (68 bytes)
Event: 11.470 Thread 0x0000000056b0f000 nmethod 1897 0x0000000002eb1e50 code [0x0000000002eb1fe0, 0x0000000002eb23f8]
Event: 11.475 Thread 0x0000000056b0f000 1898       3       java.util.Collections$UnmodifiableCollection::size (10 bytes)
Event: 11.475 Thread 0x0000000056b0f000 nmethod 1898 0x0000000002eb2590 code [0x0000000002eb2700, 0x0000000002eb2928]
Event: 11.481 Thread 0x0000000056b0f000 1899   !   3       com.android.dx.cf.cst.ConstantPoolParser::parse0 (731 bytes)
Event: 11.973 Thread 0x0000000056b0f000 nmethod 1899 0x0000000002eb29d0 code [0x0000000002eb3380, 0x0000000002eb9928]
Event: 12.033 Thread 0x0000000056b0f000 1900       3       com.android.dx.rop.type.Type::internClassName (56 bytes)
Event: 12.034 Thread 0x0000000056b0f000 nmethod 1900 0x0000000002ebfd10 code [0x0000000002ebff60, 0x0000000002ec0e18]

GC Heap History (6 events):
Event: 2.002 GC heap before
{Heap before GC invocations=1 (full 0):
 PSYoungGen      total 37888K, used 32768K [0x00000000eab00000, 0x00000000ed500000, 0x0000000100000000)
  eden space 32768K, 100% used [0x00000000eab00000,0x00000000ecb00000,0x00000000ecb00000)
  from space 5120K, 0% used [0x00000000ed000000,0x00000000ed000000,0x00000000ed500000)
  to   space 5120K, 0% used [0x00000000ecb00000,0x00000000ecb00000,0x00000000ed000000)
 ParOldGen       total 86016K, used 0K [0x00000000c0000000, 0x00000000c5400000, 0x00000000eab00000)
  object space 86016K, 0% used [0x00000000c0000000,0x00000000c0000000,0x00000000c5400000)
 Metaspace       used 5883K, capacity 6834K, committed 7040K, reserved 1056768K
  class space    used 600K, capacity 618K, committed 640K, reserved 1048576K
Event: 2.510 GC heap after
Heap after GC invocations=1 (full 0):
 PSYoungGen      total 37888K, used 5098K [0x00000000eab00000, 0x00000000ef500000, 0x0000000100000000)
  eden space 32768K, 0% used [0x00000000eab00000,0x00000000eab00000,0x00000000ecb00000)
  from space 5120K, 99% used [0x00000000ecb00000,0x00000000ecffaab8,0x00000000ed000000)
  to   space 5120K, 0% used [0x00000000ef000000,0x00000000ef000000,0x00000000ef500000)
 ParOldGen       total 86016K, used 1591K [0x00000000c0000000, 0x00000000c5400000, 0x00000000eab00000)
  object space 86016K, 1% used [0x00000000c0000000,0x00000000c018df30,0x00000000c5400000)
 Metaspace       used 5883K, capacity 6834K, committed 7040K, reserved 1056768K
  class space    used 600K, capacity 618K, committed 640K, reserved 1048576K
}
Event: 8.143 GC heap before
{Heap before GC invocations=2 (full 0):
 PSYoungGen      total 37888K, used 37866K [0x00000000eab00000, 0x00000000ef500000, 0x0000000100000000)
  eden space 32768K, 100% used [0x00000000eab00000,0x00000000ecb00000,0x00000000ecb00000)
  from space 5120K, 99% used [0x00000000ecb00000,0x00000000ecffaab8,0x00000000ed000000)
  to   space 5120K, 0% used [0x00000000ef000000,0x00000000ef000000,0x00000000ef500000)
 ParOldGen       total 86016K, used 1591K [0x00000000c0000000, 0x00000000c5400000, 0x00000000eab00000)
  object space 86016K, 1% used [0x00000000c0000000,0x00000000c018df30,0x00000000c5400000)
 Metaspace       used 6244K, capacity 7064K, committed 7424K, reserved 1056768K
  class space    used 621K, capacity 656K, committed 768K, reserved 1048576K
Event: 8.502 GC heap after
Heap after GC invocations=2 (full 0):
 PSYoungGen      total 70656K, used 5088K [0x00000000eab00000, 0x00000000ef500000, 0x0000000100000000)
  eden space 65536K, 0% used [0x00000000eab00000,0x00000000eab00000,0x00000000eeb00000)
  from space 5120K, 99% used [0x00000000ef000000,0x00000000ef4f8248,0x00000000ef500000)
  to   space 5120K, 0% used [0x00000000eeb00000,0x00000000eeb00000,0x00000000ef000000)
 ParOldGen       total 86016K, used 6227K [0x00000000c0000000, 0x00000000c5400000, 0x00000000eab00000)
  object space 86016K, 7% used [0x00000000c0000000,0x00000000c0614e98,0x00000000c5400000)
 Metaspace       used 6244K, capacity 7064K, committed 7424K, reserved 1056768K
  class space    used 621K, capacity 656K, committed 768K, reserved 1048576K
}
Event: 11.492 GC heap before
{Heap before GC invocations=3 (full 0):
 PSYoungGen      total 70656K, used 70624K [0x00000000eab00000, 0x00000000ef500000, 0x0000000100000000)
  eden space 65536K, 100% used [0x00000000eab00000,0x00000000eeb00000,0x00000000eeb00000)
  from space 5120K, 99% used [0x00000000ef000000,0x00000000ef4f8248,0x00000000ef500000)
  to   space 5120K, 0% used [0x00000000eeb00000,0x00000000eeb00000,0x00000000ef000000)
 ParOldGen       total 86016K, used 6227K [0x00000000c0000000, 0x00000000c5400000, 0x00000000eab00000)
  object space 86016K, 7% used [0x00000000c0000000,0x00000000c0614e98,0x00000000c5400000)
 Metaspace       used 6300K, capacity 7128K, committed 7424K, reserved 1056768K
  class space    used 621K, capacity 656K, committed 768K, reserved 1048576K
Event: 11.966 GC heap after
Heap after GC invocations=3 (full 0):
 PSYoungGen      total 70656K, used 5100K [0x00000000eab00000, 0x00000000f3500000, 0x0000000100000000)
  eden space 65536K, 0% used [0x00000000eab00000,0x00000000eab00000,0x00000000eeb00000)
  from space 5120K, 99% used [0x00000000eeb00000,0x00000000eeffb3b0,0x00000000ef000000)
  to   space 5120K, 0% used [0x00000000f3000000,0x00000000f3000000,0x00000000f3500000)
 ParOldGen       total 86016K, used 15835K [0x00000000c0000000, 0x00000000c5400000, 0x00000000eab00000)
  object space 86016K, 18% used [0x00000000c0000000,0x00000000c0f76ef8,0x00000000c5400000)
 Metaspace       used 6300K, capacity 7128K, committed 7424K, reserved 1056768K
  class space    used 621K, capacity 656K, committed 768K, reserved 1048576K
}

Deoptimization events (10 events):
Event: 10.911 Thread 0x0000000056d2b800 Uncommon trap: reason=class_check action=maybe_recompile pc=0x0000000002dae734 method=com.android.dx.cf.code.Ropper.processBlock(Lcom/android/dx/cf/code/ByteBlock;Lcom/android/dx/cf/code/Frame;[I)V @ 777
Event: 10.911 Thread 0x0000000056d2b800 Uncommon trap: reason=class_check action=maybe_recompile pc=0x0000000002dae734 method=com.android.dx.cf.code.Ropper.processBlock(Lcom/android/dx/cf/code/ByteBlock;Lcom/android/dx/cf/code/Frame;[I)V @ 777
Event: 10.911 Thread 0x0000000056d2b800 Uncommon trap: reason=class_check action=maybe_recompile pc=0x0000000002dae734 method=com.android.dx.cf.code.Ropper.processBlock(Lcom/android/dx/cf/code/ByteBlock;Lcom/android/dx/cf/code/Frame;[I)V @ 777
Event: 11.363 Thread 0x0000000056d2b800 Uncommon trap: reason=unstable_if action=reinterpret pc=0x0000000002d3f530 method=java.util.HashMap.resize()[Ljava/util/HashMap$Node; @ 206
Event: 11.480 Thread 0x000000000028e000 Uncommon trap: reason=unloaded action=reinterpret pc=0x0000000002bb1d24 method=com.android.dx.cf.cst.ConstantPoolParser.parse0(ILjava/util/BitSet;)Lcom/android/dx/rop/cst/Constant; @ 176
Event: 11.481 Thread 0x0000000056d38000 Uncommon trap: reason=unstable_if action=reinterpret pc=0x0000000002dacdd4 method=com.android.dx.cf.code.ExecutionStack.<init>(I)V @ 2
Event: 11.483 Thread 0x0000000056d38000 Uncommon trap: reason=class_check action=maybe_recompile pc=0x0000000002da1784 method=com.android.dx.rop.cst.CstLiteral32.equals(Ljava/lang/Object;)Z @ 20
Event: 11.483 Thread 0x0000000056d38000 Uncommon trap: reason=class_check action=maybe_recompile pc=0x0000000002da1784 method=com.android.dx.rop.cst.CstLiteral32.equals(Ljava/lang/Object;)Z @ 20
Event: 11.483 Thread 0x0000000056d38000 Uncommon trap: reason=class_check action=maybe_recompile pc=0x0000000002da1784 method=com.android.dx.rop.cst.CstLiteral32.equals(Ljava/lang/Object;)Z @ 20
Event: 11.483 Thread 0x0000000056d38000 Uncommon trap: reason=class_check action=maybe_recompile pc=0x0000000002da1784 method=com.android.dx.rop.cst.CstLiteral32.equals(Ljava/lang/Object;)Z @ 20

Internal exceptions (6 events):
Event: 0.073 Thread 0x000000000028e000 Exception <a 'java/lang/NoSuchMethodError': Method sun.misc.Unsafe.defineClass(Ljava/lang/String;[BII)Ljava/lang/Class; name or signature does not match> (0x00000000eab07cc0) thrown at [C:\re\workspace\8-2-build-windows-amd64-cygwin\jdk8u91\6644\hotspot\srP(—ª²?
Event: 0.073 Thread 0x000000000028e000 Exception <a 'java/lang/NoSuchMethodError': Method sun.misc.Unsafe.prefetchRead(Ljava/lang/Object;J)V name or signature does not match> (0x00000000eab07fa8) thrown at [C:\re\workspace\8-2-build-windows-amd64-cygwin\jdk8u91\6644\hotspot\src\share\vm\prims\j~°UY°xø?
Event: 1.529 Thread 0x0000000056d2b800 Implicit null exception at 0x0000000002990cd2 to 0x0000000002990dc2
Event: 6.158 Thread 0x0000000056d38000 Exception <a 'java/lang/ArrayIndexOutOfBoundsException': 18> (0x00000000ec5213b8) thrown at [C:\re\workspace\8-2-build-windows-amd64-cygwin\jdk8u91\6644\hotspot\src\share\vm\interpreter\interpreterRuntime.cpp, line 366]
Event: 6.158 Thread 0x0000000056d38000 Exception <a 'java/lang/ArrayIndexOutOfBoundsException': 145> (0x00000000ec522f38) thrown at [C:\re\workspace\8-2-build-windows-amd64-cygwin\jdk8u91\6644\hotspot\src\share\vm\interpreter\interpreterRuntime.cpp, line 366]
Event: 6.160 Thread 0x0000000056d38000 Exception <a 'java/lang/ArrayIndexOutOfBoundsException': 40> (0x00000000ec524220) thrown at [C:\re\workspace\8-2-build-windows-amd64-cygwin\jdk8u91\6644\hotspot\src\share\vm\interpreter\interpreterRuntime.cpp, line 366]

Events (10 events):
Event: 11.483 Thread 0x0000000056d38000 DEOPT PACKING pc=0x0000000002da1784 sp=0x000000005776e910
Event: 11.483 Thread 0x0000000056d38000 DEOPT UNPACKING pc=0x000000000271582a sp=0x000000005776e8a0 mode 2
Event: 11.483 Thread 0x0000000056d38000 Uncommon trap: trap_request=0xffffffde fr.pc=0x0000000002da1784
Event: 11.483 Thread 0x0000000056d38000 DEOPT PACKING pc=0x0000000002da1784 sp=0x000000005776ea80
Event: 11.483 Thread 0x0000000056d38000 DEOPT UNPACKING pc=0x000000000271582a sp=0x000000005776ea10 mode 2
Event: 11.483 Thread 0x0000000056d38000 Uncommon trap: trap_request=0xffffffde fr.pc=0x0000000002da1784
Event: 11.483 Thread 0x0000000056d38000 DEOPT PACKING pc=0x0000000002da1784 sp=0x000000005776e9d0
Event: 11.483 Thread 0x0000000056d38000 DEOPT UNPACKING pc=0x000000000271582a sp=0x000000005776e960 mode 2
Event: 11.484 Executing VM operation: ParallelGCFailedAllocation
Event: 11.966 Executing VM operation: ParallelGCFailedAllocation done


Dynamic libraries:
0x000000013f480000 - 0x000000013f4b7000 	C:\Program Files\Java\jdk1.8.0_91\bin\java.exe
0x0000000076ee0000 - 0x000000007708b000 	C:\Windows\SYSTEM32\ntdll.dll
0x0000000076dc0000 - 0x0000000076edf000 	C:\Windows\system32\kernel32.dll
0x000007fefcee0000 - 0x000007fefcf4a000 	C:\Windows\system32\KERNELBASE.dll
0x000007fefd080000 - 0x000007fefd15b000 	C:\Windows\system32\ADVAPI32.dll
0x000007fefcfe0000 - 0x000007fefd07f000 	C:\Windows\system32\msvcrt.dll
0x000007fefda50000 - 0x000007fefda6f000 	C:\Windows\SYSTEM32\sechost.dll
0x000007fefd320000 - 0x000007fefd44d000 	C:\Windows\system32\RPCRT4.dll
0x0000000076cc0000 - 0x0000000076dba000 	C:\Windows\system32\USER32.dll
0x000007fefd580000 - 0x000007fefd5e7000 	C:\Windows\system32\GDI32.dll
0x000007fefda40000 - 0x000007fefda4e000 	C:\Windows\system32\LPK.dll
0x000007fefd250000 - 0x000007fefd31a000 	C:\Windows\system32\USP10.dll
0x000007fefb680000 - 0x000007fefb874000 	C:\Windows\WinSxS\amd64_microsoft.windows.common-controls_6595b64144ccf1df_6.0.7601.18837_none_fa3b1e3d17594757\COMCTL32.dll
0x000007fefd8e0000 - 0x000007fefd951000 	C:\Windows\system32\SHLWAPI.dll
0x000007fefdd40000 - 0x000007fefdd6e000 	C:\Windows\system32\IMM32.DLL
0x000007fefd5f0000 - 0x000007fefd6f9000 	C:\Windows\system32\MSCTF.dll
0x000007fefcf80000 - 0x000007fefcf85000 	C:\Windows\system32\api-ms-win-downlevel-advapi32-l1-1-0.dll
0x000007fefca30000 - 0x000007fefca55000 	C:\Windows\system32\SspiCli.dll
0x0000000073fd0000 - 0x00000000740a2000 	C:\Program Files\Java\jdk1.8.0_91\jre\bin\msvcr100.dll
0x0000000062d60000 - 0x00000000635f3000 	C:\Program Files\Java\jdk1.8.0_91\jre\bin\server\jvm.dll
0x000007fef6850000 - 0x000007fef6859000 	C:\Windows\system32\WSOCK32.dll
0x000007fefd160000 - 0x000007fefd1ad000 	C:\Windows\system32\WS2_32.dll
0x000007fefd570000 - 0x000007fefd578000 	C:\Windows\system32\NSI.dll
0x000007fefac00000 - 0x000007fefac3b000 	C:\Windows\system32\WINMM.dll
0x000007fefbd10000 - 0x000007fefbd1c000 	C:\Windows\system32\VERSION.dll
0x00000000770b0000 - 0x00000000770b7000 	C:\Windows\system32\PSAPI.DLL
0x00000000748b0000 - 0x00000000748bf000 	C:\Program Files\Java\jdk1.8.0_91\jre\bin\verify.dll
0x0000000074880000 - 0x00000000748a9000 	C:\Program Files\Java\jdk1.8.0_91\jre\bin\java.dll
0x0000000074860000 - 0x0000000074876000 	C:\Program Files\Java\jdk1.8.0_91\jre\bin\zip.dll
0x000007fefe110000 - 0x000007fefee9c000 	C:\Windows\system32\SHELL32.dll
0x000007fefdf00000 - 0x000007fefe103000 	C:\Windows\system32\ole32.dll
0x000007fefcc20000 - 0x000007fefcc2f000 	C:\Windows\system32\profapi.dll

VM Arguments:
jvm_args: -Djava.awt.headless=true -Xmx1024M -Dfile.encoding=windows-1252 -Duser.country=US -Duser.language=en -Duser.variant 
java_command: com.android.dx.command.Main --dex --force-jumbo --num-threads=4 --multi-dex --output C:\Users\Paul\AndroidStudioProjects\CustomGradle\CustomGradle\app\build\intermediates\transforms\dex\free\debug\folders\1000\10\jackson-core-2.1.3_e56f5d40e8a38a705fe6e79d32ac7aaf7b16dc35 C:\Users\Paul\.gradle\caches\modules-2\files-2.1\com.fasterxml.jackson.core\jackson-core\2.1.3\f6c3aed1cdfa21b5c1737c915186ea93a95a58bd\jackson-core-2.1.3.jar
java_class_path (initial): C:\Users\Paul\AppData\Local\Android\sdk\build-tools\23.0.3\lib\dx.jar
Launcher Type: SUN_STANDARD

Environment Variables:
CLASSPATH=%CLASSPATH%;JUnit\junit4.12.jar;JUnit\junit4.12.jar;JUnit\junit4.12.jar
PATH=C:\ProgramData\Oracle\Java\javapath;C:\Python27\;C:\Python27\Scripts;C:\Python34\;C:\Python34\Scripts;C:\Windows\system32;C:\Windows;C:\Windows\System32\Wbem;C:\Windows\System32\WindowsPowerShell\v1.0\;C:\Program Files\Intel\WiFi\bin\;C:\Program Files\Common Files\Intel\WirelessCommon\;C:\Program Files\Crucial\Crucial Storage Executive\;C:\Python30\;C:\Program Files\Git\cmd\;C:\Program Files\Crucial\Crucial Storage Executive;C:\Users\Paul\AppData\Local\Android\sdk\platform-tools\;C:\Users\Paul\gradle;C:\Program Files (x86)\Lenovo\Access Connections\;C:\sqlite\;C:\JUnit;C:\Program Files (x86)\Skype\Phone\;C:\Program Files\Intel\WiFi\bin\;C:\Program Files\Common Files\Intel\WirelessCommon\
USERNAME=Paul
OS=Windows_NT
PROCESSOR_IDENTIFIER=Intel64 Family 6 Model 37 Stepping 5, GenuineIntel



---------------  S Y S T E M  ---------------

OS: Windows 7 , 64 bit Build 7601 (6.1.7601.23455)

CPU:total 4 (2 cores per cpu, 2 threads per core) family 6 model 37 stepping 5, cmov, cx8, fxsr, mmx, sse, sse2, sse3, ssse3, sse4.1, sse4.2, popcnt, aes, clmul, ht, tsc, tscinvbit

Memory: 4k page, physical 8179368k(1512884k free), swap 8177508k(5100k free)

vm_info: Java HotSpot(TM) 64-Bit Server VM (25.91-b14) for windows-amd64 JRE (1.8.0_91-b14), built on Apr  1 2016 00:58:32 by "java_re" with MS VC++ 10.0 (VS2010)

time: Sat Jul 16 16:45:49 2016
elapsed time: 12 seconds (0d 0h 0m 12s)

