#
# There is insufficient memory for the Java Runtime Environment to continue.
# Native memory allocation (malloc) failed to allocate 32744 bytes for ChunkPool::allocate
# Possible reasons:
#   The system is out of physical RAM or swap space
#   In 32 bit mode, the process size limit was hit
# Possible solutions:
#   Reduce memory load on the system
#   Increase physical memory or swap space
#   Check if swap backing store is full
#   Use 64 bit Java on a 64 bit OS
#   Decrease Java heap size (-Xmx/-Xms)
#   Decrease number of Java threads
#   Decrease Java thread stack sizes (-Xss)
#   Set larger code cache with -XX:ReservedCodeCacheSize=
# This output file may be truncated or incomplete.
#
#  Out of Memory Error (allocation.cpp:273), pid=2688, tid=6100
#
# JRE version: Java(TM) SE Runtime Environment (8.0_91-b14) (build 1.8.0_91-b14)
# Java VM: Java HotSpot(TM) 64-Bit Server VM (25.91-b14 mixed mode windows-amd64 compressed oops)
# Failed to write core dump. Minidumps are not enabled by default on client versions of Windows
#

---------------  T H R E A D  ---------------

Current thread (0x000000005528f000):  JavaThread "C1 CompilerThread2" daemon [_thread_in_native, id=6100, stack(0x0000000057170000,0x0000000057270000)]

Stack: [0x0000000057170000,0x0000000057270000]
[error occurred during error reporting (printing stack bounds), id 0xc0000005]

Native frames: (J=compiled Java code, j=interpreted, Vv=VM code, C=native code)


Current CompileTask:
C1:    464   46       3       java.util.HashMap::getNode (148 bytes)


---------------  P R O C E S S  ---------------

Java Threads: ( => current thread )
  0x0000000056cdf800 JavaThread "Service Thread" daemon [_thread_new, id=4784, stack(0x0000000000000000,0x0000000000000000)]
=>0x000000005528f000 JavaThread "C1 CompilerThread2" daemon [_thread_in_native, id=6100, stack(0x0000000057170000,0x0000000057270000)]
  0x000000005528b800 JavaThread "C2 CompilerThread1" daemon [_thread_blocked, id=5824, stack(0x0000000056810000,0x0000000056910000)]
  0x0000000055287000 JavaThread "C2 CompilerThread0" daemon [_thread_blocked, id=5380, stack(0x0000000056b70000,0x0000000056c70000)]
  0x0000000055282800 JavaThread "Attach Listener" daemon [_thread_new, id=6804, stack(0x0000000000000000,0x0000000000000000)]
  0x0000000055281000 JavaThread "Signal Dispatcher" daemon [_thread_blocked, id=2924, stack(0x00000000566b0000,0x00000000567b0000)]
  0x0000000055269800 JavaThread "Finalizer" daemon [_thread_blocked, id=7156, stack(0x0000000056220000,0x0000000056320000)]
  0x0000000055222000 JavaThread "Reference Handler" daemon [_thread_blocked, id=2292, stack(0x00000000564d0000,0x00000000565d0000)]
  0x000000000047e000 JavaThread "main" [_thread_in_Java, id=5748, stack(0x00000000023f0000,0x00000000024f0000)]

Other Threads:
  0x000000005521a800 VMThread [stack: 0x0000000056320000,0x0000000056420000] [id=5744]
  0x0000000056ce7000 WatcherThread [stack: 0x0000000057420000,0x0000000057520000] [id=3776]

VM state:not at safepoint (normal execution)

VM Mutex/Monitor currently owned by a thread: None

Heap:
 PSYoungGen      total 37888K, used 1969K [0x00000000eab00000, 0x00000000ed500000, 0x0000000100000000)
  eden space 32768K, 6% used [0x00000000eab00000,0x00000000eacec488,0x00000000ecb00000)
  from space 5120K, 0% used [0x00000000ed000000,0x00000000ed000000,0x00000000ed500000)
  to   space 5120K, 0% used [0x00000000ecb00000,0x00000000ecb00000,0x00000000ed000000)
 ParOldGen       total 86016K, used 0K [0x00000000c0000000, 0x00000000c5400000, 0x00000000eab00000)
  object space 86016K, 0% used [0x00000000c0000000,0x00000000c0000000,0x00000000c5400000)
 Metaspace       used 3049K, capacity 4656K, committed 4864K, reserved 1056768K
  class space    used 336K, capacity 424K, committed 512K, reserved 1048576K

Card table byte_map: [0x0000000011b80000,0x0000000011d90000] byte_map_base: 0x0000000011580000

Marking Bits: (ParMarkBitMap*) 0x0000000063572f70
 Begin Bits: [0x0000000012690000, 0x0000000013690000)
 End Bits:   [0x0000000013690000, 0x0000000014690000)

Polling page: 0x0000000000450000

CodeCache: size=245760Kb used=1127Kb max_used=1127Kb free=244632Kb
 bounds [0x00000000027c0000, 0x0000000002a30000, 0x00000000117c0000]
 total_blobs=283 nmethods=45 adapters=152
 compilation: enabled

Compilation events (10 events):
Event: 0.452 Thread 0x000000005528f000 nmethod 40 0x00000000028d7f50 code [0x00000000028d80a0, 0x00000000028d8210]
Event: 0.454 Thread 0x000000005528f000   42       3       java.lang.StringBuilder::append (8 bytes)
Event: 0.454 Thread 0x000000005528f000 nmethod 42 0x00000000028d8650 code [0x00000000028d87c0, 0x00000000028d8948]
Event: 0.454 Thread 0x000000005528f000   43       1       java.net.URL::getHost (5 bytes)
Event: 0.454 Thread 0x000000005528f000 nmethod 43 0x00000000028d89d0 code [0x00000000028d8b20, 0x00000000028d8c30]
Event: 0.455 Thread 0x000000005528f000   45       3       java.lang.String::substring (79 bytes)
Event: 0.455 Thread 0x000000005528f000 nmethod 45 0x00000000028d8c90 code [0x00000000028d8e40, 0x00000000028d92d8]
Event: 0.455 Thread 0x000000005528f000   44       1       java.net.URL::getProtocol (5 bytes)
Event: 0.456 Thread 0x000000005528f000 nmethod 44 0x00000000028d9510 code [0x00000000028d9660, 0x00000000028d9770]
Event: 0.463 Thread 0x000000005528f000   46       3       java.util.HashMap::getNode (148 bytes)

GC Heap History (0 events):
No events

Deoptimization events (0 events):
No events

Internal exceptions (2 events):
Event: 0.183 Thread 0x000000000047e000 Exception <a 'java/lang/NoSuchMethodError': Method sun.misc.Unsafe.defineClass(Ljava/lang/String;[BII)Ljava/lang/Class; name or signature does not match> (0x00000000eab07cc0) thrown at [C:\re\workspace\8-2-build-windows-amd64-cygwin\jdk8u91\6644\hotspot\srœlì
Õw«?
Event: 0.183 Thread 0x000000000047e000 Exception <a 'java/lang/NoSuchMethodError': Method sun.misc.Unsafe.prefetchRead(Ljava/lang/Object;J)V name or signature does not match> (0x00000000eab07fa8) thrown at [C:\re\workspace\8-2-build-windows-amd64-cygwin\jdk8u91\6644\hotspot\src\share\vm\prims\j

Events (10 events):
Event: 0.461 loading class java/util/concurrent/locks/Condition done
Event: 0.462 loading class java/util/concurrent/locks/AbstractQueuedSynchronizer$ConditionObject done
Event: 0.462 loading class java/util/concurrent/LinkedBlockingQueue$Node
Event: 0.462 loading class java/util/concurrent/LinkedBlockingQueue$Node done
Event: 0.462 loading class java/util/concurrent/Executors$DefaultThreadFactory
Event: 0.462 loading class java/util/concurrent/ThreadFactory
Event: 0.462 loading class java/util/concurrent/ThreadFactory done
Event: 0.462 loading class java/util/concurrent/Executors$DefaultThreadFactory done
Event: 0.462 loading class com/android/dx/dex/file/DexFile
Event: 0.462 loading class com/android/dx/dex/file/DexFile done


Dynamic libraries:
0x000000013f480000 - 0x000000013f4b7000 	C:\Program Files\Java\jdk1.8.0_91\bin\java.exe
0x0000000076ee0000 - 0x000000007708b000 	C:\Windows\SYSTEM32\ntdll.dll
0x0000000076dc0000 - 0x0000000076edf000 	C:\Windows\system32\kernel32.dll
0x000007fefcee0000 - 0x000007fefcf4a000 	C:\Windows\system32\KERNELBASE.dll
0x000007fefd080000 - 0x000007fefd15b000 	C:\Windows\system32\ADVAPI32.dll
0x000007fefcfe0000 - 0x000007fefd07f000 	C:\Windows\system32\msvcrt.dll
0x000007fefda50000 - 0x000007fefda6f000 	C:\Windows\SYSTEM32\sechost.dll
0x000007fefd320000 - 0x000007fefd44d000 	C:\Windows\system32\RPCRT4.dll
0x0000000076cc0000 - 0x0000000076dba000 	C:\Windows\system32\USER32.dll
0x000007fefd580000 - 0x000007fefd5e7000 	C:\Windows\system32\GDI32.dll
0x000007fefda40000 - 0x000007fefda4e000 	C:\Windows\system32\LPK.dll
0x000007fefd250000 - 0x000007fefd31a000 	C:\Windows\system32\USP10.dll
0x000007fefb680000 - 0x000007fefb874000 	C:\Windows\WinSxS\amd64_microsoft.windows.common-controls_6595b64144ccf1df_6.0.7601.18837_none_fa3b1e3d17594757\COMCTL32.dll
0x000007fefd8e0000 - 0x000007fefd951000 	C:\Windows\system32\SHLWAPI.dll
0x000007fefdd40000 - 0x000007fefdd6e000 	C:\Windows\system32\IMM32.DLL
0x000007fefd5f0000 - 0x000007fefd6f9000 	C:\Windows\system32\MSCTF.dll
0x000007fefcf80000 - 0x000007fefcf85000 	C:\Windows\system32\api-ms-win-downlevel-advapi32-l1-1-0.dll
0x000007fefca30000 - 0x000007fefca55000 	C:\Windows\system32\SspiCli.dll
0x0000000073fd0000 - 0x00000000740a2000 	C:\Program Files\Java\jdk1.8.0_91\jre\bin\msvcr100.dll
0x0000000062d60000 - 0x00000000635f3000 	C:\Program Files\Java\jdk1.8.0_91\jre\bin\server\jvm.dll
0x000007fef6850000 - 0x000007fef6859000 	C:\Windows\system32\WSOCK32.dll
0x000007fefd160000 - 0x000007fefd1ad000 	C:\Windows\system32\WS2_32.dll
0x000007fefd570000 - 0x000007fefd578000 	C:\Windows\system32\NSI.dll
0x000007fefac00000 - 0x000007fefac3b000 	C:\Windows\system32\WINMM.dll
0x000007fefbd10000 - 0x000007fefbd1c000 	C:\Windows\system32\VERSION.dll
0x00000000770b0000 - 0x00000000770b7000 	C:\Windows\system32\PSAPI.DLL
0x00000000748b0000 - 0x00000000748bf000 	C:\Program Files\Java\jdk1.8.0_91\jre\bin\verify.dll
0x0000000074880000 - 0x00000000748a9000 	C:\Program Files\Java\jdk1.8.0_91\jre\bin\java.dll
0x0000000074860000 - 0x0000000074876000 	C:\Program Files\Java\jdk1.8.0_91\jre\bin\zip.dll
0x000007fefe110000 - 0x000007fefee9c000 	C:\Windows\system32\SHELL32.dll
0x000007fefdf00000 - 0x000007fefe103000 	C:\Windows\system32\ole32.dll
0x000007fefcc20000 - 0x000007fefcc2f000 	C:\Windows\system32\profapi.dll

VM Arguments:
jvm_args: -Djava.awt.headless=true -Xmx1024M -Dfile.encoding=windows-1252 -Duser.country=US -Duser.language=en -Duser.variant 
java_command: com.android.dx.command.Main --dex --force-jumbo --num-threads=4 --multi-dex --output C:\Users\Paul\AndroidStudioProjects\CustomGradle\CustomGradle\app\build\intermediates\transforms\dex\free\debug\folders\1000\5\slice_1 C:\Users\Paul\AndroidStudioProjects\CustomGradle\CustomGradle\app\build\intermediates\transforms\instantRunSlicer\free\debug\folders\1\5\slice_1
java_class_path (initial): C:\Users\Paul\AppData\Local\Android\sdk\build-tools\23.0.3\lib\dx.jar
Launcher Type: SUN_STANDARD

Environment Variables:
CLASSPATH=%CLASSPATH%;JUnit\junit4.12.jar;JUnit\junit4.12.jar;JUnit\junit4.12.jar
PATH=C:\ProgramData\Oracle\Java\javapath;C:\Python27\;C:\Python27\Scripts;C:\Python34\;C:\Python34\Scripts;C:\Windows\system32;C:\Windows;C:\Windows\System32\Wbem;C:\Windows\System32\WindowsPowerShell\v1.0\;C:\Program Files\Intel\WiFi\bin\;C:\Program Files\Common Files\Intel\WirelessCommon\;C:\Program Files\Crucial\Crucial Storage Executive\;C:\Python30\;C:\Program Files\Git\cmd\;C:\Program Files\Crucial\Crucial Storage Executive;C:\Users\Paul\AppData\Local\Android\sdk\platform-tools\;C:\Users\Paul\gradle;C:\Program Files (x86)\Lenovo\Access Connections\;C:\sqlite\;C:\JUnit;C:\Program Files (x86)\Skype\Phone\;C:\Program Files\Intel\WiFi\bin\;C:\Program Files\Common Files\Intel\WirelessCommon\
USERNAME=Paul
OS=Windows_NT
PROCESSOR_IDENTIFIER=Intel64 Family 6 Model 37 Stepping 5, GenuineIntel



---------------  S Y S T E M  ---------------

OS: Windows 7 , 64 bit Build 7601 (6.1.7601.23455)

CPU:total 4 (2 cores per cpu, 2 threads per core) family 6 model 37 stepping 5, cmov, cx8, fxsr, mmx, sse, sse2, sse3, ssse3, sse4.1, sse4.2, popcnt, aes, clmul, ht, tsc, tscinvbit

Memory: 4k page, physical 8179368k(1309132k free), swap 8177508k(5120k free)

vm_info: Java HotSpot(TM) 64-Bit Server VM (25.91-b14) for windows-amd64 JRE (1.8.0_91-b14), built on Apr  1 2016 00:58:32 by "java_re" with MS VC++ 10.0 (VS2010)

time: Sat Jul 16 16:36:14 2016
elapsed time: 0 seconds (0d 0h 0m 0s)

