#
# There is insufficient memory for the Java Runtime Environment to continue.
# Native memory allocation (malloc) failed to allocate 117184 bytes for Chunk::new
# Possible reasons:
#   The system is out of physical RAM or swap space
#   In 32 bit mode, the process size limit was hit
# Possible solutions:
#   Reduce memory load on the system
#   Increase physical memory or swap space
#   Check if swap backing store is full
#   Use 64 bit Java on a 64 bit OS
#   Decrease Java heap size (-Xmx/-Xms)
#   Decrease number of Java threads
#   Decrease Java thread stack sizes (-Xss)
#   Set larger code cache with -XX:ReservedCodeCacheSize=
# This output file may be truncated or incomplete.
#
#  Out of Memory Error (allocation.cpp:390), pid=5436, tid=5880
#
# JRE version: Java(TM) SE Runtime Environment (8.0_91-b14) (build 1.8.0_91-b14)
# Java VM: Java HotSpot(TM) 64-Bit Server VM (25.91-b14 mixed mode windows-amd64 compressed oops)
# Failed to write core dump. Minidumps are not enabled by default on client versions of Windows
#

---------------  T H R E A D  ---------------

Current thread (0x0000000054e9e800):  JavaThread "C2 CompilerThread1" daemon [_thread_in_native, id=5880, stack(0x00000000569e0000,0x0000000056ae0000)]

Stack: [0x00000000569e0000,0x0000000056ae0000]
[error occurred during error reporting (printing stack bounds), id 0xc0000005]

Native frames: (J=compiled Java code, j=interpreted, Vv=VM code, C=native code)


Current CompileTask:
C2:   6705 1601   !   4       com.android.dx.cf.code.BytecodeArray::parseInstruction (2764 bytes)


---------------  P R O C E S S  ---------------

Java Threads: ( => current thread )
  0x0000000056d63000 JavaThread "pool-2-thread-4" [_thread_blocked, id=5380, stack(0x00000000578c0000,0x00000000579c0000)]
  0x0000000056d64000 JavaThread "pool-2-thread-3" [_thread_blocked, id=6804, stack(0x0000000057710000,0x0000000057810000)]
  0x0000000056d71800 JavaThread "pool-2-thread-2" [_thread_blocked, id=2924, stack(0x0000000056660000,0x0000000056760000)]
  0x0000000056d9b000 JavaThread "pool-3-thread-1" [_thread_blocked, id=5744, stack(0x0000000057550000,0x0000000057650000)]
  0x0000000056d99800 JavaThread "pool-2-thread-1" [_thread_in_Java, id=3472, stack(0x0000000057400000,0x0000000057500000)]
  0x0000000056b45000 JavaThread "Service Thread" daemon [_thread_blocked, id=6752, stack(0x00000000570b0000,0x00000000571b0000)]
  0x0000000056af0800 JavaThread "C1 CompilerThread2" daemon [_thread_blocked, id=6204, stack(0x0000000056f60000,0x0000000057060000)]
=>0x0000000054e9e800 JavaThread "C2 CompilerThread1" daemon [_thread_in_native, id=5880, stack(0x00000000569e0000,0x0000000056ae0000)]
  0x0000000054e97000 JavaThread "C2 CompilerThread0" daemon [_thread_in_native, id=5204, stack(0x00000000567e0000,0x00000000568e0000)]
  0x0000000054e92800 JavaThread "Attach Listener" daemon [_thread_blocked, id=6568, stack(0x0000000056500000,0x0000000056600000)]
  0x0000000054e91000 JavaThread "Signal Dispatcher" daemon [_thread_blocked, id=3964, stack(0x00000000563a0000,0x00000000564a0000)]
  0x0000000054e79800 JavaThread "Finalizer" daemon [_thread_blocked, id=4636, stack(0x00000000561d0000,0x00000000562d0000)]
  0x0000000054e32000 JavaThread "Reference Handler" daemon [_thread_blocked, id=4696, stack(0x00000000560a0000,0x00000000561a0000)]
  0x00000000002be000 JavaThread "main" [_thread_blocked, id=6456, stack(0x0000000002430000,0x0000000002530000)]

Other Threads:
  0x0000000054e2a800 VMThread [stack: 0x0000000055ed0000,0x0000000055fd0000] [id=5696]
  0x0000000056b50800 WatcherThread [stack: 0x0000000057250000,0x0000000057350000] [id=1168]

VM state:not at safepoint (normal execution)

VM Mutex/Monitor currently owned by a thread: None

Heap:
 PSYoungGen      total 70656K, used 32521K [0x00000000eab00000, 0x00000000f3500000, 0x0000000100000000)
  eden space 65536K, 41% used [0x00000000eab00000,0x00000000ec5c7918,0x00000000eeb00000)
  from space 5120K, 99% used [0x00000000eeb00000,0x00000000eeffab60,0x00000000ef000000)
  to   space 5120K, 0% used [0x00000000f3000000,0x00000000f3000000,0x00000000f3500000)
 ParOldGen       total 86016K, used 14551K [0x00000000c0000000, 0x00000000c5400000, 0x00000000eab00000)
  object space 86016K, 16% used [0x00000000c0000000,0x00000000c0e35c30,0x00000000c5400000)
 Metaspace       used 6268K, capacity 7090K, committed 7296K, reserved 1056768K
  class space    used 604K, capacity 618K, committed 640K, reserved 1048576K

Card table byte_map: [0x0000000011bc0000,0x0000000011dd0000] byte_map_base: 0x00000000115c0000

Marking Bits: (ParMarkBitMap*) 0x0000000063572f70
 Begin Bits: [0x00000000122a0000, 0x00000000132a0000)
 End Bits:   [0x00000000132a0000, 0x00000000142a0000)

Polling page: 0x0000000000250000

CodeCache: size=245760Kb used=6836Kb max_used=6836Kb free=238923Kb
 bounds [0x0000000002800000, 0x0000000002ec0000, 0x0000000011800000]
 total_blobs=1935 nmethods=1667 adapters=182
 compilation: enabled

Compilation events (10 events):
Event: 6.635 Thread 0x0000000056af0800 1709       2       java.util.concurrent.ThreadPoolExecutor::beforeExecute (1 bytes)
Event: 6.635 Thread 0x0000000056af0800 nmethod 1709 0x0000000002eaf9d0 code [0x0000000002eafb20, 0x0000000002eafc70]
Event: 6.637 Thread 0x0000000056af0800 1710       2       java.util.concurrent.ThreadPoolExecutor::afterExecute (1 bytes)
Event: 6.637 Thread 0x0000000056af0800 nmethod 1710 0x0000000002eafcd0 code [0x0000000002eafe20, 0x0000000002eaff70]
Event: 6.637 Thread 0x0000000056af0800 1711   !   2       java.util.concurrent.ThreadPoolExecutor::getTask (179 bytes)
Event: 6.638 Thread 0x0000000056af0800 nmethod 1711 0x0000000002eaffd0 code [0x0000000002eb01a0, 0x0000000002eb0758]
Event: 6.638 Thread 0x0000000056af0800 1712       2       java.util.concurrent.locks.ReentrantLock::lockInterruptibly (9 bytes)
Event: 6.639 Thread 0x0000000056af0800 nmethod 1712 0x0000000002eb0b50 code [0x0000000002eb0ce0, 0x0000000002eb0f78]
Event: 6.651 Thread 0x0000000056af0800 1713       2       com.android.dx.rop.annotation.Annotation::put (32 bytes)
Event: 6.652 Thread 0x0000000056af0800 nmethod 1713 0x0000000002eb1150 code [0x0000000002eb12e0, 0x0000000002eb15e8]

GC Heap History (6 events):
Event: 2.567 GC heap before
{Heap before GC invocations=1 (full 0):
 PSYoungGen      total 37888K, used 32768K [0x00000000eab00000, 0x00000000ed500000, 0x0000000100000000)
  eden space 32768K, 100% used [0x00000000eab00000,0x00000000ecb00000,0x00000000ecb00000)
  from space 5120K, 0% used [0x00000000ed000000,0x00000000ed000000,0x00000000ed500000)
  to   space 5120K, 0% used [0x00000000ecb00000,0x00000000ecb00000,0x00000000ed000000)
 ParOldGen       total 86016K, used 0K [0x00000000c0000000, 0x00000000c5400000, 0x00000000eab00000)
  object space 86016K, 0% used [0x00000000c0000000,0x00000000c0000000,0x00000000c5400000)
 Metaspace       used 5917K, capacity 6834K, committed 7040K, reserved 1056768K
  class space    used 602K, capacity 618K, committed 640K, reserved 1048576K
Event: 2.905 GC heap after
Heap after GC invocations=1 (full 0):
 PSYoungGen      total 37888K, used 5108K [0x00000000eab00000, 0x00000000ef500000, 0x0000000100000000)
  eden space 32768K, 0% used [0x00000000eab00000,0x00000000eab00000,0x00000000ecb00000)
  from space 5120K, 99% used [0x00000000ecb00000,0x00000000ecffd228,0x00000000ed000000)
  to   space 5120K, 0% used [0x00000000ef000000,0x00000000ef000000,0x00000000ef500000)
 ParOldGen       total 86016K, used 483K [0x00000000c0000000, 0x00000000c5400000, 0x00000000eab00000)
  object space 86016K, 0% used [0x00000000c0000000,0x00000000c0078d40,0x00000000c5400000)
 Metaspace       used 5917K, capacity 6834K, committed 7040K, reserved 1056768K
  class space    used 602K, capacity 618K, committed 640K, reserved 1048576K
}
Event: 5.605 GC heap before
{Heap before GC invocations=2 (full 0):
 PSYoungGen      total 37888K, used 37876K [0x00000000eab00000, 0x00000000ef500000, 0x0000000100000000)
  eden space 32768K, 100% used [0x00000000eab00000,0x00000000ecb00000,0x00000000ecb00000)
  from space 5120K, 99% used [0x00000000ecb00000,0x00000000ecffd228,0x00000000ed000000)
  to   space 5120K, 0% used [0x00000000ef000000,0x00000000ef000000,0x00000000ef500000)
 ParOldGen       total 86016K, used 483K [0x00000000c0000000, 0x00000000c5400000, 0x00000000eab00000)
  object space 86016K, 0% used [0x00000000c0000000,0x00000000c0078d40,0x00000000c5400000)
 Metaspace       used 6130K, capacity 7026K, committed 7296K, reserved 1056768K
  class space    used 603K, capacity 618K, committed 640K, reserved 1048576K
Event: 5.665 GC heap after
Heap after GC invocations=2 (full 0):
 PSYoungGen      total 70656K, used 5096K [0x00000000eab00000, 0x00000000ef500000, 0x0000000100000000)
  eden space 65536K, 0% used [0x00000000eab00000,0x00000000eab00000,0x00000000eeb00000)
  from space 5120K, 99% used [0x00000000ef000000,0x00000000ef4fa1b8,0x00000000ef500000)
  to   space 5120K, 0% used [0x00000000eeb00000,0x00000000eeb00000,0x00000000ef000000)
 ParOldGen       total 86016K, used 4192K [0x00000000c0000000, 0x00000000c5400000, 0x00000000eab00000)
  object space 86016K, 4% used [0x00000000c0000000,0x00000000c0418278,0x00000000c5400000)
 Metaspace       used 6130K, capacity 7026K, committed 7296K, reserved 1056768K
  class space    used 603K, capacity 618K, committed 640K, reserved 1048576K
}
Event: 6.232 GC heap before
{Heap before GC invocations=3 (full 0):
 PSYoungGen      total 70656K, used 70632K [0x00000000eab00000, 0x00000000ef500000, 0x0000000100000000)
  eden space 65536K, 100% used [0x00000000eab00000,0x00000000eeb00000,0x00000000eeb00000)
  from space 5120K, 99% used [0x00000000ef000000,0x00000000ef4fa1b8,0x00000000ef500000)
  to   space 5120K, 0% used [0x00000000eeb00000,0x00000000eeb00000,0x00000000ef000000)
 ParOldGen       total 86016K, used 4192K [0x00000000c0000000, 0x00000000c5400000, 0x00000000eab00000)
  object space 86016K, 4% used [0x00000000c0000000,0x00000000c0418278,0x00000000c5400000)
 Metaspace       used 6182K, capacity 7090K, committed 7296K, reserved 1056768K
  class space    used 604K, capacity 618K, committed 640K, reserved 1048576K
Event: 6.308 GC heap after
Heap after GC invocations=3 (full 0):
 PSYoungGen      total 70656K, used 5098K [0x00000000eab00000, 0x00000000f3500000, 0x0000000100000000)
  eden space 65536K, 0% used [0x00000000eab00000,0x00000000eab00000,0x00000000eeb00000)
  from space 5120K, 99% used [0x00000000eeb00000,0x00000000eeffab60,0x00000000ef000000)
  to   space 5120K, 0% used [0x00000000f3000000,0x00000000f3000000,0x00000000f3500000)
 ParOldGen       total 86016K, used 14551K [0x00000000c0000000, 0x00000000c5400000, 0x00000000eab00000)
  object space 86016K, 16% used [0x00000000c0000000,0x00000000c0e35c30,0x00000000c5400000)
 Metaspace       used 6182K, capacity 7090K, committed 7296K, reserved 1056768K
  class space    used 604K, capacity 618K, committed 640K, reserved 1048576K
}

Deoptimization events (10 events):
Event: 5.549 Thread 0x0000000056d63000 Uncommon trap: reason=unstable_if action=reinterpret pc=0x0000000002cfa878 method=com.android.dx.ssa.SCCP.simulateBranch(Lcom/android/dx/ssa/SsaInsn;)V @ 118
Event: 5.569 Thread 0x0000000056d63000 Uncommon trap: reason=null_check action=make_not_entrant pc=0x0000000002ae0290 method=com.android.dx.rop.type.Type.equals(Ljava/lang/Object;)Z @ 8
Event: 5.569 Thread 0x0000000056d63000 Uncommon trap: reason=unstable_if action=reinterpret pc=0x0000000002d7af4c method=com.android.dx.cf.code.Merger.mergeType(Lcom/android/dx/rop/type/TypeBearer;Lcom/android/dx/rop/type/TypeBearer;)Lcom/android/dx/rop/type/TypeBearer; @ 15
Event: 5.739 Thread 0x00000000002be000 Uncommon trap: reason=unloaded action=reinterpret pc=0x0000000002dca338 method=com.android.dx.cf.cst.ConstantPoolParser.parse0(ILjava/util/BitSet;)Lcom/android/dx/rop/cst/Constant; @ 176
Event: 5.837 Thread 0x0000000056d63000 Uncommon trap: reason=unstable_if action=reinterpret pc=0x0000000002d70350 method=com.android.dx.ssa.LiteralOpUpgrader$1.visitNonMoveInsn(Lcom/android/dx/ssa/NormalSsaInsn;)V @ 55
Event: 5.837 Thread 0x0000000056d99800 Uncommon trap: reason=unstable_if action=reinterpret pc=0x0000000002d698b0 method=com.android.dx.ssa.MoveParamCombiner$1.visitNonMoveInsn(Lcom/android/dx/ssa/NormalSsaInsn;)V @ 27
Event: 6.114 Thread 0x0000000056d71800 Uncommon trap: reason=unstable_if action=reinterpret pc=0x0000000002d90934 method=java.util.HashMap.putVal(ILjava/lang/Object;Ljava/lang/Object;ZZ)Ljava/lang/Object; @ 162
Event: 6.114 Thread 0x0000000056d71800 Uncommon trap: reason=unstable_if action=reinterpret pc=0x0000000002dc84e8 method=java.util.HashMap.resize()[Ljava/util/HashMap$Node; @ 206
Event: 6.114 Thread 0x0000000056d71800 Uncommon trap: reason=unstable_if action=reinterpret pc=0x0000000002b1b0a0 method=java.util.HashMap.getNode(ILjava/lang/Object;)Ljava/util/HashMap$Node; @ 84
Event: 6.114 Thread 0x0000000056d71800 Uncommon trap: reason=unstable_if action=reinterpret pc=0x0000000002a95a08 method=java.util.HashMap.getNode(ILjava/lang/Object;)Ljava/util/HashMap$Node; @ 84

Internal exceptions (3 events):
Event: 0.083 Thread 0x00000000002be000 Exception <a 'java/lang/NoSuchMethodError': Method sun.misc.Unsafe.defineClass(Ljava/lang/String;[BII)Ljava/lang/Class; name or signature does not match> (0x00000000eab07cc0) thrown at [C:\re\workspace\8-2-build-windows-amd64-cygwin\jdk8u91\6644\hotspot\srÁ÷Ž@µ/µ?
Event: 0.083 Thread 0x00000000002be000 Exception <a 'java/lang/NoSuchMethodError': Method sun.misc.Unsafe.prefetchRead(Ljava/lang/Object;J)V name or signature does not match> (0x00000000eab07fa8) thrown at [C:\re\workspace\8-2-build-windows-amd64-cygwin\jdk8u91\6644\hotspot\src\share\vm\prims\jý·êª+F@
Event: 5.569 Thread 0x0000000056d63000 Implicit null exception at 0x0000000002ae0192 to 0x0000000002ae0282

Events (10 events):
Event: 6.114 Thread 0x0000000056d71800 DEOPT PACKING pc=0x0000000002dc84e8 sp=0x000000005675ec40
Event: 6.114 Thread 0x0000000056d71800 DEOPT UNPACKING pc=0x000000000284582a sp=0x000000005675ebb0 mode 2
Event: 6.114 Thread 0x0000000056d71800 Uncommon trap: trap_request=0xffffff65 fr.pc=0x0000000002b1b0a0
Event: 6.114 Thread 0x0000000056d71800 DEOPT PACKING pc=0x0000000002b1b0a0 sp=0x000000005675ea20
Event: 6.114 Thread 0x0000000056d71800 DEOPT UNPACKING pc=0x000000000284582a sp=0x000000005675e950 mode 2
Event: 6.114 Thread 0x0000000056d71800 Uncommon trap: trap_request=0xffffff65 fr.pc=0x0000000002a95a08
Event: 6.114 Thread 0x0000000056d71800 DEOPT PACKING pc=0x0000000002a95a08 sp=0x000000005675e9c0
Event: 6.114 Thread 0x0000000056d71800 DEOPT UNPACKING pc=0x000000000284582a sp=0x000000005675e950 mode 2
Event: 6.230 Executing VM operation: ParallelGCFailedAllocation
Event: 6.308 Executing VM operation: ParallelGCFailedAllocation done


Dynamic libraries:
0x000000013f480000 - 0x000000013f4b7000 	C:\Program Files\Java\jdk1.8.0_91\bin\java.exe
0x0000000076ee0000 - 0x000000007708b000 	C:\Windows\SYSTEM32\ntdll.dll
0x0000000076dc0000 - 0x0000000076edf000 	C:\Windows\system32\kernel32.dll
0x000007fefcee0000 - 0x000007fefcf4a000 	C:\Windows\system32\KERNELBASE.dll
0x000007fefd080000 - 0x000007fefd15b000 	C:\Windows\system32\ADVAPI32.dll
0x000007fefcfe0000 - 0x000007fefd07f000 	C:\Windows\system32\msvcrt.dll
0x000007fefda50000 - 0x000007fefda6f000 	C:\Windows\SYSTEM32\sechost.dll
0x000007fefd320000 - 0x000007fefd44d000 	C:\Windows\system32\RPCRT4.dll
0x0000000076cc0000 - 0x0000000076dba000 	C:\Windows\system32\USER32.dll
0x000007fefd580000 - 0x000007fefd5e7000 	C:\Windows\system32\GDI32.dll
0x000007fefda40000 - 0x000007fefda4e000 	C:\Windows\system32\LPK.dll
0x000007fefd250000 - 0x000007fefd31a000 	C:\Windows\system32\USP10.dll
0x000007fefb680000 - 0x000007fefb874000 	C:\Windows\WinSxS\amd64_microsoft.windows.common-controls_6595b64144ccf1df_6.0.7601.18837_none_fa3b1e3d17594757\COMCTL32.dll
0x000007fefd8e0000 - 0x000007fefd951000 	C:\Windows\system32\SHLWAPI.dll
0x000007fefdd40000 - 0x000007fefdd6e000 	C:\Windows\system32\IMM32.DLL
0x000007fefd5f0000 - 0x000007fefd6f9000 	C:\Windows\system32\MSCTF.dll
0x000007fefcf80000 - 0x000007fefcf85000 	C:\Windows\system32\api-ms-win-downlevel-advapi32-l1-1-0.dll
0x000007fefca30000 - 0x000007fefca55000 	C:\Windows\system32\SspiCli.dll
0x0000000073fd0000 - 0x00000000740a2000 	C:\Program Files\Java\jdk1.8.0_91\jre\bin\msvcr100.dll
0x0000000062d60000 - 0x00000000635f3000 	C:\Program Files\Java\jdk1.8.0_91\jre\bin\server\jvm.dll
0x000007fef6850000 - 0x000007fef6859000 	C:\Windows\system32\WSOCK32.dll
0x000007fefd160000 - 0x000007fefd1ad000 	C:\Windows\system32\WS2_32.dll
0x000007fefd570000 - 0x000007fefd578000 	C:\Windows\system32\NSI.dll
0x000007fefac00000 - 0x000007fefac3b000 	C:\Windows\system32\WINMM.dll
0x000007fefbd10000 - 0x000007fefbd1c000 	C:\Windows\system32\VERSION.dll
0x00000000770b0000 - 0x00000000770b7000 	C:\Windows\system32\PSAPI.DLL
0x00000000748b0000 - 0x00000000748bf000 	C:\Program Files\Java\jdk1.8.0_91\jre\bin\verify.dll
0x0000000074880000 - 0x00000000748a9000 	C:\Program Files\Java\jdk1.8.0_91\jre\bin\java.dll
0x0000000074860000 - 0x0000000074876000 	C:\Program Files\Java\jdk1.8.0_91\jre\bin\zip.dll
0x000007fefe110000 - 0x000007fefee9c000 	C:\Windows\system32\SHELL32.dll
0x000007fefdf00000 - 0x000007fefe103000 	C:\Windows\system32\ole32.dll
0x000007fefcc20000 - 0x000007fefcc2f000 	C:\Windows\system32\profapi.dll

VM Arguments:
jvm_args: -Djava.awt.headless=true -Xmx1024M -Dfile.encoding=windows-1252 -Duser.country=US -Duser.language=en -Duser.variant 
java_command: com.android.dx.command.Main --dex --force-jumbo --num-threads=4 --multi-dex --output C:\Users\Paul\AndroidStudioProjects\CustomGradle\CustomGradle\app\build\intermediates\transforms\dex\free\debug\folders\1000\10\com.google.android.gms-play-services-basement-8.4.0_157969b6537c275118d71f54fbe37c5d5f9e47c7 C:\Users\Paul\AndroidStudioProjects\CustomGradle\CustomGradle\app\build\intermediates\exploded-aar\com.google.android.gms\play-services-basement\8.4.0\jars\classes.jar
java_class_path (initial): C:\Users\Paul\AppData\Local\Android\sdk\build-tools\23.0.3\lib\dx.jar
Launcher Type: SUN_STANDARD

Environment Variables:
CLASSPATH=%CLASSPATH%;JUnit\junit4.12.jar;JUnit\junit4.12.jar;JUnit\junit4.12.jar
PATH=C:\ProgramData\Oracle\Java\javapath;C:\Python27\;C:\Python27\Scripts;C:\Python34\;C:\Python34\Scripts;C:\Windows\system32;C:\Windows;C:\Windows\System32\Wbem;C:\Windows\System32\WindowsPowerShell\v1.0\;C:\Program Files\Intel\WiFi\bin\;C:\Program Files\Common Files\Intel\WirelessCommon\;C:\Program Files\Crucial\Crucial Storage Executive\;C:\Python30\;C:\Program Files\Git\cmd\;C:\Program Files\Crucial\Crucial Storage Executive;C:\Users\Paul\AppData\Local\Android\sdk\platform-tools\;C:\Users\Paul\gradle;C:\Program Files (x86)\Lenovo\Access Connections\;C:\sqlite\;C:\JUnit;C:\Program Files (x86)\Skype\Phone\;C:\Program Files\Intel\WiFi\bin\;C:\Program Files\Common Files\Intel\WirelessCommon\
USERNAME=Paul
OS=Windows_NT
PROCESSOR_IDENTIFIER=Intel64 Family 6 Model 37 Stepping 5, GenuineIntel



---------------  S Y S T E M  ---------------

OS: Windows 7 , 64 bit Build 7601 (6.1.7601.23455)

CPU:total 4 (2 cores per cpu, 2 threads per core) family 6 model 37 stepping 5, cmov, cx8, fxsr, mmx, sse, sse2, sse3, ssse3, sse4.1, sse4.2, popcnt, aes, clmul, ht, tsc, tscinvbit

Memory: 4k page, physical 8179368k(1372624k free), swap 8177508k(5172k free)

vm_info: Java HotSpot(TM) 64-Bit Server VM (25.91-b14) for windows-amd64 JRE (1.8.0_91-b14), built on Apr  1 2016 00:58:32 by "java_re" with MS VC++ 10.0 (VS2010)

time: Sat Jul 16 16:36:30 2016
elapsed time: 6 seconds (0d 0h 0m 6s)

